<?xml version="1.0" encoding="UTF-8"?>
<coverage generated="1783217499672" clover="3.2.0">
  <project timestamp="1783217499672" name="All files">
    <metrics statements="587" coveredstatements="407" conditionals="68" coveredconditionals="44" methods="17" coveredmethods="5" elements="672" coveredelements="456" complexity="0" loc="587" ncloc="587" packages="3" files="3" classes="3"/>
    <package name="components.layout.header">
      <metrics statements="265" coveredstatements="213" conditionals="58" coveredconditionals="39" methods="6" coveredmethods="3"/>
      <file name="account-switcher.tsx" path="/home/runner/workspace/src/components/layout/header/account-switcher.tsx">
        <metrics statements="265" coveredstatements="213" conditionals="58" coveredconditionals="39" methods="6" coveredmethods="3"/>
        <line num="1" count="1" type="stmt"/>
        <line num="2" count="1" type="stmt"/>
        <line num="3" count="1" type="stmt"/>
        <line num="4" count="1" type="stmt"/>
        <line num="5" count="1" type="stmt"/>
        <line num="6" count="1" type="stmt"/>
        <line num="7" count="1" type="stmt"/>
        <line num="8" count="1" type="stmt"/>
        <line num="9" count="1" type="stmt"/>
        <line num="10" count="1" type="stmt"/>
        <line num="11" count="1" type="stmt"/>
        <line num="12" count="1" type="stmt"/>
        <line num="13" count="1" type="stmt"/>
        <line num="14" count="1" type="stmt"/>
        <line num="15" count="1" type="stmt"/>
        <line num="16" count="1" type="cond" truecount="1" falsecount="0"/>
        <line num="17" count="29" type="stmt"/>
        <line num="18" count="29" type="stmt"/>
        <line num="19" count="29" type="stmt"/>
        <line num="20" count="29" type="cond" truecount="0" falsecount="1"/>
        <line num="21" count="29" type="stmt"/>
        <line num="22" count="29" type="stmt"/>
        <line num="23" count="29" type="stmt"/>
        <line num="24" count="29" type="stmt"/>
        <line num="25" count="29" type="stmt"/>
        <line num="26" count="29" type="stmt"/>
        <line num="27" count="29" type="stmt"/>
        <line num="28" count="29" type="stmt"/>
        <line num="29" count="29" type="stmt"/>
        <line num="30" count="29" type="stmt"/>
        <line num="31" count="29" type="cond" truecount="1" falsecount="0"/>
        <line num="32" count="29" type="stmt"/>
        <line num="33" count="29" type="stmt"/>
        <line num="34" count="29" type="cond" truecount="1" falsecount="0"/>
        <line num="35" count="12" type="cond" truecount="1" falsecount="0"/>
        <line num="36" count="1" type="stmt"/>
        <line num="37" count="1" type="stmt"/>
        <line num="38" count="1" type="stmt"/>
        <line num="39" count="12" type="stmt"/>
        <line num="40" count="12" type="cond" truecount="1" falsecount="0"/>
        <line num="41" count="1" type="stmt"/>
        <line num="42" count="12" type="stmt"/>
        <line num="43" count="12" type="stmt"/>
        <line num="44" count="12" type="stmt"/>
        <line num="45" count="12" type="cond" truecount="1" falsecount="0"/>
        <line num="46" count="12" type="stmt"/>
        <line num="47" count="12" type="stmt"/>
        <line num="48" count="12" type="stmt"/>
        <line num="49" count="29" type="stmt"/>
        <line num="50" count="29" type="stmt"/>
        <line num="51" count="29" type="cond" truecount="1" falsecount="0"/>
        <line num="52" count="10" type="cond" truecount="2" falsecount="0"/>
        <line num="53" count="7" type="cond" truecount="2" falsecount="0"/>
        <line num="54" count="29" type="stmt"/>
        <line num="55" count="29" type="stmt"/>
        <line num="56" count="29" type="stmt"/>
        <line num="57" count="29" type="cond" truecount="1" falsecount="0"/>
        <line num="58" count="1" type="stmt"/>
        <line num="59" count="1" type="stmt"/>
        <line num="60" count="1" type="stmt"/>
        <line num="61" count="29" type="stmt"/>
        <line num="62" count="29" type="stmt"/>
        <line num="63" count="29" type="stmt"/>
        <line num="64" count="29" type="stmt"/>
        <line num="65" count="29" type="stmt"/>
        <line num="66" count="29" type="stmt"/>
        <line num="67" count="29" type="cond" truecount="1" falsecount="0"/>
        <line num="68" count="23" type="stmt"/>
        <line num="69" count="23" type="cond" truecount="0" falsecount="3"/>
        <line num="70" count="0" type="stmt"/>
        <line num="71" count="0" type="stmt"/>
        <line num="72" count="23" type="cond" truecount="0" falsecount="1"/>
        <line num="73" count="29" type="stmt"/>
        <line num="74" count="29" type="stmt"/>
        <line num="75" count="29" type="stmt"/>
        <line num="76" count="29" type="stmt"/>
        <line num="77" count="29" type="cond" truecount="1" falsecount="0"/>
        <line num="78" count="12" type="cond" truecount="0" falsecount="1"/>
        <line num="79" count="12" type="stmt"/>
        <line num="80" count="12" type="cond" truecount="1" falsecount="0"/>
        <line num="81" count="23" type="stmt"/>
        <line num="82" count="23" type="stmt"/>
        <line num="83" count="23" type="stmt"/>
        <line num="84" count="23" type="stmt"/>
        <line num="85" count="23" type="stmt"/>
        <line num="86" count="12" type="stmt"/>
        <line num="87" count="12" type="cond" truecount="3" falsecount="1"/>
        <line num="88" count="29" type="stmt"/>
        <line num="89" count="29" type="stmt"/>
        <line num="90" count="29" type="cond" truecount="1" falsecount="0"/>
        <line num="91" count="28" type="cond" truecount="1" falsecount="0"/>
        <line num="92" count="28" type="stmt"/>
        <line num="93" count="29" type="cond" truecount="1" falsecount="0"/>
        <line num="94" count="29" type="stmt"/>
        <line num="95" count="29" type="stmt"/>
        <line num="96" count="29" type="stmt"/>
        <line num="97" count="29" type="cond" truecount="0" falsecount="2"/>
        <line num="98" count="29" type="stmt"/>
        <line num="99" count="29" type="stmt"/>
        <line num="100" count="29" type="cond" truecount="0" falsecount="1"/>
        <line num="101" count="29" type="cond" truecount="0" falsecount="1"/>
        <line num="102" count="29" type="cond" truecount="1" falsecount="0"/>
        <line num="103" count="29" type="stmt"/>
        <line num="104" count="29" type="stmt"/>
        <line num="105" count="29" type="stmt"/>
        <line num="106" count="29" type="stmt"/>
        <line num="107" count="29" type="stmt"/>
        <line num="108" count="29" type="stmt"/>
        <line num="109" count="29" type="stmt"/>
        <line num="110" count="29" type="cond" truecount="2" falsecount="0"/>
        <line num="111" count="29" type="cond" truecount="2" falsecount="0"/>
        <line num="112" count="29" type="cond" truecount="2" falsecount="0"/>
        <line num="113" count="29" type="cond" truecount="2" falsecount="0"/>
        <line num="114" count="29" type="stmt"/>
        <line num="115" count="29" type="stmt"/>
        <line num="116" count="29" type="stmt"/>
        <line num="117" count="29" type="stmt"/>
        <line num="118" count="29" type="stmt"/>
        <line num="119" count="29" type="stmt"/>
        <line num="120" count="0" type="stmt"/>
        <line num="121" count="0" type="stmt"/>
        <line num="122" count="0" type="stmt"/>
        <line num="123" count="0" type="stmt"/>
        <line num="124" count="29" type="stmt"/>
        <line num="125" count="29" type="stmt"/>
        <line num="126" count="29" type="stmt"/>
        <line num="127" count="29" type="stmt"/>
        <line num="128" count="29" type="stmt"/>
        <line num="129" count="29" type="stmt"/>
        <line num="130" count="29" type="cond" truecount="0" falsecount="1"/>
        <line num="131" count="0" type="stmt"/>
        <line num="132" count="29" type="cond" truecount="1" falsecount="0"/>
        <line num="133" count="28" type="stmt"/>
        <line num="134" count="29" type="stmt"/>
        <line num="135" count="29" type="stmt"/>
        <line num="136" count="29" type="cond" truecount="1" falsecount="0"/>
        <line num="137" count="25" type="stmt"/>
        <line num="138" count="25" type="stmt"/>
        <line num="139" count="25" type="stmt"/>
        <line num="140" count="25" type="stmt"/>
        <line num="141" count="25" type="stmt"/>
        <line num="142" count="25" type="stmt"/>
        <line num="143" count="25" type="stmt"/>
        <line num="144" count="25" type="stmt"/>
        <line num="145" count="25" type="stmt"/>
        <line num="146" count="25" type="stmt"/>
        <line num="147" count="25" type="stmt"/>
        <line num="148" count="25" type="stmt"/>
        <line num="149" count="25" type="stmt"/>
        <line num="150" count="25" type="stmt"/>
        <line num="151" count="25" type="stmt"/>
        <line num="152" count="29" type="stmt"/>
        <line num="153" count="29" type="stmt"/>
        <line num="154" count="29" type="cond" truecount="1" falsecount="1"/>
        <line num="155" count="28" type="stmt"/>
        <line num="156" count="28" type="stmt"/>
        <line num="157" count="28" type="stmt"/>
        <line num="158" count="28" type="stmt"/>
        <line num="159" count="28" type="cond" truecount="0" falsecount="1"/>
        <line num="160" count="28" type="stmt"/>
        <line num="161" count="28" type="stmt"/>
        <line num="162" count="28" type="cond" truecount="0" falsecount="1"/>
        <line num="163" count="0" type="stmt"/>
        <line num="164" count="28" type="stmt"/>
        <line num="165" count="28" type="stmt"/>
        <line num="166" count="28" type="stmt"/>
        <line num="167" count="28" type="stmt"/>
        <line num="168" count="28" type="stmt"/>
        <line num="169" count="29" type="stmt"/>
        <line num="170" count="29" type="stmt"/>
        <line num="171" count="29" type="stmt"/>
        <line num="172" count="29" type="stmt"/>
        <line num="173" count="29" type="stmt"/>
        <line num="174" count="29" type="cond" truecount="1" falsecount="0"/>
        <line num="175" count="14" type="stmt"/>
        <line num="176" count="14" type="cond" truecount="1" falsecount="0"/>
        <line num="177" count="28" type="stmt"/>
        <line num="178" count="28" type="stmt"/>
        <line num="179" count="28" type="stmt"/>
        <line num="180" count="28" type="stmt"/>
        <line num="181" count="28" type="stmt"/>
        <line num="182" count="28" type="stmt"/>
        <line num="183" count="28" type="stmt"/>
        <line num="184" count="28" type="stmt"/>
        <line num="185" count="28" type="stmt"/>
        <line num="186" count="28" type="cond" truecount="2" falsecount="0"/>
        <line num="187" count="28" type="stmt"/>
        <line num="188" count="0" type="stmt"/>
        <line num="189" count="0" type="stmt"/>
        <line num="190" count="0" type="stmt"/>
        <line num="191" count="0" type="stmt"/>
        <line num="192" count="28" type="stmt"/>
        <line num="193" count="28" type="stmt"/>
        <line num="194" count="28" type="stmt"/>
        <line num="195" count="28" type="stmt"/>
        <line num="196" count="28" type="stmt"/>
        <line num="197" count="28" type="stmt"/>
        <line num="198" count="28" type="stmt"/>
        <line num="199" count="28" type="stmt"/>
        <line num="200" count="28" type="cond" truecount="1" falsecount="0"/>
        <line num="201" count="14" type="stmt"/>
        <line num="202" count="28" type="cond" truecount="1" falsecount="0"/>
        <line num="203" count="14" type="stmt"/>
        <line num="204" count="28" type="stmt"/>
        <line num="205" count="28" type="stmt"/>
        <line num="206" count="28" type="stmt"/>
        <line num="207" count="28" type="stmt"/>
        <line num="208" count="28" type="stmt"/>
        <line num="209" count="28" type="cond" truecount="0" falsecount="1"/>
        <line num="210" count="0" type="stmt"/>
        <line num="211" count="28" type="stmt"/>
        <line num="212" count="28" type="stmt"/>
        <line num="213" count="28" type="stmt"/>
        <line num="214" count="28" type="stmt"/>
        <line num="215" count="28" type="stmt"/>
        <line num="216" count="28" type="cond" truecount="0" falsecount="3"/>
        <line num="217" count="0" type="stmt"/>
        <line num="218" count="0" type="stmt"/>
        <line num="219" count="0" type="stmt"/>
        <line num="220" count="0" type="stmt"/>
        <line num="221" count="0" type="stmt"/>
        <line num="222" count="0" type="stmt"/>
        <line num="223" count="0" type="stmt"/>
        <line num="224" count="0" type="stmt"/>
        <line num="225" count="0" type="stmt"/>
        <line num="226" count="0" type="stmt"/>
        <line num="227" count="0" type="stmt"/>
        <line num="228" count="0" type="stmt"/>
        <line num="229" count="0" type="stmt"/>
        <line num="230" count="0" type="stmt"/>
        <line num="231" count="0" type="stmt"/>
        <line num="232" count="0" type="stmt"/>
        <line num="233" count="0" type="stmt"/>
        <line num="234" count="0" type="stmt"/>
        <line num="235" count="0" type="stmt"/>
        <line num="236" count="0" type="stmt"/>
        <line num="237" count="0" type="stmt"/>
        <line num="238" count="0" type="stmt"/>
        <line num="239" count="0" type="stmt"/>
        <line num="240" count="0" type="stmt"/>
        <line num="241" count="0" type="stmt"/>
        <line num="242" count="0" type="stmt"/>
        <line num="243" count="0" type="stmt"/>
        <line num="244" count="0" type="stmt"/>
        <line num="245" count="0" type="stmt"/>
        <line num="246" count="0" type="stmt"/>
        <line num="247" count="0" type="stmt"/>
        <line num="248" count="0" type="stmt"/>
        <line num="249" count="0" type="stmt"/>
        <line num="250" count="0" type="stmt"/>
        <line num="251" count="0" type="stmt"/>
        <line num="252" count="0" type="stmt"/>
        <line num="253" count="0" type="stmt"/>
        <line num="254" count="0" type="stmt"/>
        <line num="255" count="0" type="stmt"/>
        <line num="256" count="28" type="stmt"/>
        <line num="257" count="28" type="stmt"/>
        <line num="258" count="14" type="stmt"/>
        <line num="259" count="14" type="stmt"/>
        <line num="260" count="29" type="stmt"/>
        <line num="261" count="29" type="stmt"/>
        <line num="262" count="29" type="stmt"/>
        <line num="263" count="1" type="stmt"/>
        <line num="264" count="1" type="stmt"/>
        <line num="265" count="1" type="stmt"/>
      </file>
    </package>
    <package name="hooks">
      <metrics statements="174" coveredstatements="108" conditionals="9" coveredconditionals="4" methods="2" coveredmethods="1"/>
      <file name="useMarketingBalance.ts" path="/home/runner/workspace/src/hooks/useMarketingBalance.ts">
        <metrics statements="174" coveredstatements="108" conditionals="9" coveredconditionals="4" methods="2" coveredmethods="1"/>
        <line num="1" count="1" type="stmt"/>
        <line num="2" count="1" type="stmt"/>
        <line num="3" count="1" type="stmt"/>
        <line num="4" count="1" type="stmt"/>
        <line num="5" count="1" type="stmt"/>
        <line num="6" count="1" type="stmt"/>
        <line num="7" count="1" type="stmt"/>
        <line num="8" count="1" type="stmt"/>
        <line num="9" count="1" type="stmt"/>
        <line num="10" count="1" type="stmt"/>
        <line num="11" count="1" type="stmt"/>
        <line num="12" count="1" type="stmt"/>
        <line num="13" count="1" type="stmt"/>
        <line num="14" count="1" type="stmt"/>
        <line num="15" count="1" type="stmt"/>
        <line num="16" count="1" type="stmt"/>
        <line num="17" count="1" type="stmt"/>
        <line num="18" count="1" type="stmt"/>
        <line num="19" count="1" type="stmt"/>
        <line num="20" count="1" type="stmt"/>
        <line num="21" count="1" type="stmt"/>
        <line num="22" count="1" type="stmt"/>
        <line num="23" count="1" type="stmt"/>
        <line num="24" count="1" type="stmt"/>
        <line num="25" count="1" type="stmt"/>
        <line num="26" count="1" type="stmt"/>
        <line num="27" count="1" type="stmt"/>
        <line num="28" count="1" type="stmt"/>
        <line num="29" count="1" type="stmt"/>
        <line num="30" count="1" type="stmt"/>
        <line num="31" count="1" type="stmt"/>
        <line num="32" count="1" type="stmt"/>
        <line num="33" count="1" type="stmt"/>
        <line num="34" count="1" type="stmt"/>
        <line num="35" count="1" type="stmt"/>
        <line num="36" count="1" type="stmt"/>
        <line num="37" count="1" type="stmt"/>
        <line num="38" count="1" type="stmt"/>
        <line num="39" count="1" type="stmt"/>
        <line num="40" count="1" type="stmt"/>
        <line num="41" count="1" type="stmt"/>
        <line num="42" count="1" type="stmt"/>
        <line num="43" count="1" type="stmt"/>
        <line num="44" count="1" type="stmt"/>
        <line num="45" count="1" type="stmt"/>
        <line num="46" count="1" type="stmt"/>
        <line num="47" count="29" type="cond" truecount="1" falsecount="0"/>
        <line num="48" count="29" type="stmt"/>
        <line num="49" count="29" type="stmt"/>
        <line num="50" count="29" type="stmt"/>
        <line num="51" count="29" type="stmt"/>
        <line num="52" count="29" type="stmt"/>
        <line num="53" count="29" type="stmt"/>
        <line num="54" count="29" type="stmt"/>
        <line num="55" count="29" type="stmt"/>
        <line num="56" count="29" type="stmt"/>
        <line num="57" count="29" type="stmt"/>
        <line num="58" count="29" type="stmt"/>
        <line num="59" count="29" type="stmt"/>
        <line num="60" count="29" type="stmt"/>
        <line num="61" count="29" type="stmt"/>
        <line num="62" count="29" type="cond" truecount="1" falsecount="0"/>
        <line num="63" count="12" type="cond" truecount="0" falsecount="1"/>
        <line num="64" count="12" type="stmt"/>
        <line num="65" count="12" type="cond" truecount="1" falsecount="0"/>
        <line num="66" count="12" type="stmt"/>
        <line num="67" count="12" type="stmt"/>
        <line num="68" count="12" type="stmt"/>
        <line num="69" count="12" type="stmt"/>
        <line num="70" count="12" type="stmt"/>
        <line num="71" count="12" type="stmt"/>
        <line num="72" count="12" type="stmt"/>
        <line num="73" count="12" type="stmt"/>
        <line num="74" count="12" type="stmt"/>
        <line num="75" count="12" type="stmt"/>
        <line num="76" count="0" type="cond" truecount="0" falsecount="1"/>
        <line num="77" count="0" type="stmt"/>
        <line num="78" count="0" type="stmt"/>
        <line num="79" count="0" type="stmt"/>
        <line num="80" count="0" type="stmt"/>
        <line num="81" count="0" type="stmt"/>
        <line num="82" count="0" type="stmt"/>
        <line num="83" count="0" type="stmt"/>
        <line num="84" count="0" type="stmt"/>
        <line num="85" count="0" type="stmt"/>
        <line num="86" count="0" type="stmt"/>
        <line num="87" count="0" type="stmt"/>
        <line num="88" count="0" type="stmt"/>
        <line num="89" count="0" type="stmt"/>
        <line num="90" count="0" type="stmt"/>
        <line num="91" count="12" type="cond" truecount="0" falsecount="1"/>
        <line num="92" count="12" type="stmt"/>
        <line num="93" count="12" type="stmt"/>
        <line num="94" count="12" type="stmt"/>
        <line num="95" count="12" type="stmt"/>
        <line num="96" count="12" type="stmt"/>
        <line num="97" count="29" type="stmt"/>
        <line num="98" count="29" type="stmt"/>
        <line num="99" count="29" type="stmt"/>
        <line num="100" count="29" type="stmt"/>
        <line num="101" count="29" type="cond" truecount="1" falsecount="0"/>
        <line num="102" count="12" type="stmt"/>
        <line num="103" count="0" type="cond" truecount="0" falsecount="1"/>
        <line num="104" count="0" type="stmt"/>
        <line num="105" count="0" type="stmt"/>
        <line num="106" count="0" type="stmt"/>
        <line num="107" count="0" type="stmt"/>
        <line num="108" count="0" type="stmt"/>
        <line num="109" count="0" type="stmt"/>
        <line num="110" count="0" type="stmt"/>
        <line num="111" count="0" type="stmt"/>
        <line num="112" count="0" type="stmt"/>
        <line num="113" count="0" type="stmt"/>
        <line num="114" count="0" type="stmt"/>
        <line num="115" count="0" type="stmt"/>
        <line num="116" count="0" type="stmt"/>
        <line num="117" count="0" type="stmt"/>
        <line num="118" count="0" type="stmt"/>
        <line num="119" count="0" type="stmt"/>
        <line num="120" count="0" type="stmt"/>
        <line num="121" count="0" type="stmt"/>
        <line num="122" count="0" type="stmt"/>
        <line num="123" count="0" type="stmt"/>
        <line num="124" count="0" type="stmt"/>
        <line num="125" count="0" type="stmt"/>
        <line num="126" count="0" type="stmt"/>
        <line num="127" count="0" type="stmt"/>
        <line num="128" count="0" type="stmt"/>
        <line num="129" count="0" type="stmt"/>
        <line num="130" count="0" type="stmt"/>
        <line num="131" count="0" type="stmt"/>
        <line num="132" count="0" type="stmt"/>
        <line num="133" count="0" type="stmt"/>
        <line num="134" count="0" type="stmt"/>
        <line num="135" count="0" type="stmt"/>
        <line num="136" count="0" type="stmt"/>
        <line num="137" count="0" type="stmt"/>
        <line num="138" count="0" type="stmt"/>
        <line num="139" count="0" type="stmt"/>
        <line num="140" count="0" type="stmt"/>
        <line num="141" count="0" type="stmt"/>
        <line num="142" count="0" type="stmt"/>
        <line num="143" count="0" type="stmt"/>
        <line num="144" count="0" type="stmt"/>
        <line num="145" count="0" type="stmt"/>
        <line num="146" count="0" type="stmt"/>
        <line num="147" count="0" type="stmt"/>
        <line num="148" count="29" type="stmt"/>
        <line num="149" count="29" type="stmt"/>
        <line num="150" count="29" type="stmt"/>
        <line num="151" count="29" type="stmt"/>
        <line num="152" count="29" type="stmt"/>
        <line num="153" count="0" type="stmt"/>
        <line num="154" count="0" type="stmt"/>
        <line num="155" count="0" type="stmt"/>
        <line num="156" count="0" type="stmt"/>
        <line num="157" count="0" type="stmt"/>
        <line num="158" count="0" type="stmt"/>
        <line num="159" count="29" type="stmt"/>
        <line num="160" count="29" type="stmt"/>
        <line num="161" count="29" type="stmt"/>
        <line num="162" count="29" type="stmt"/>
        <line num="163" count="29" type="stmt"/>
        <line num="164" count="29" type="cond" truecount="0" falsecount="1"/>
        <line num="165" count="29" type="stmt"/>
        <line num="166" count="29" type="stmt"/>
        <line num="167" count="29" type="stmt"/>
        <line num="168" count="29" type="stmt"/>
        <line num="169" count="29" type="stmt"/>
        <line num="170" count="29" type="stmt"/>
        <line num="171" count="29" type="stmt"/>
        <line num="172" count="29" type="stmt"/>
        <line num="173" count="29" type="stmt"/>
        <line num="174" count="29" type="stmt"/>
      </file>
    </package>
    <package name="utils">
      <metrics statements="148" coveredstatements="86" conditionals="1" coveredconditionals="1" methods="9" coveredmethods="1"/>
      <file name="marketing-balance.ts" path="/home/runner/workspace/src/utils/marketing-balance.ts">
        <metrics statements="148" coveredstatements="86" conditionals="1" coveredconditionals="1" methods="9" coveredmethods="1"/>
        <line num="1" count="1" type="stmt"/>
        <line num="2" count="1" type="stmt"/>
        <line num="3" count="1" type="stmt"/>
        <line num="4" count="1" type="stmt"/>
        <line num="5" count="1" type="stmt"/>
        <line num="6" count="1" type="stmt"/>
        <line num="7" count="1" type="stmt"/>
        <line num="8" count="1" type="stmt"/>
        <line num="9" count="1" type="stmt"/>
        <line num="10" count="1" type="stmt"/>
        <line num="11" count="1" type="stmt"/>
        <line num="12" count="1" type="stmt"/>
        <line num="13" count="1" type="stmt"/>
        <line num="14" count="1" type="stmt"/>
        <line num="15" count="1" type="stmt"/>
        <line num="16" count="1" type="stmt"/>
        <line num="17" count="1" type="stmt"/>
        <line num="18" count="1" type="stmt"/>
        <line num="19" count="1" type="stmt"/>
        <line num="20" count="1" type="stmt"/>
        <line num="21" count="1" type="stmt"/>
        <line num="22" count="1" type="stmt"/>
        <line num="23" count="1" type="stmt"/>
        <line num="24" count="1" type="stmt"/>
        <line num="25" count="1" type="stmt"/>
        <line num="26" count="1" type="stmt"/>
        <line num="27" count="1" type="stmt"/>
        <line num="28" count="1" type="stmt"/>
        <line num="29" count="1" type="stmt"/>
        <line num="30" count="1" type="stmt"/>
        <line num="31" count="1" type="stmt"/>
        <line num="32" count="1" type="stmt"/>
        <line num="33" count="1" type="stmt"/>
        <line num="34" count="1" type="stmt"/>
        <line num="35" count="1" type="stmt"/>
        <line num="36" count="1" type="stmt"/>
        <line num="37" count="1" type="stmt"/>
        <line num="38" count="1" type="stmt"/>
        <line num="39" count="1" type="stmt"/>
        <line num="40" count="1" type="stmt"/>
        <line num="41" count="1" type="stmt"/>
        <line num="42" count="1" type="stmt"/>
        <line num="43" count="1" type="stmt"/>
        <line num="44" count="1" type="stmt"/>
        <line num="45" count="1" type="stmt"/>
        <line num="46" count="1" type="stmt"/>
        <line num="47" count="1" type="stmt"/>
        <line num="48" count="1" type="stmt"/>
        <line num="49" count="1" type="stmt"/>
        <line num="50" count="1" type="stmt"/>
        <line num="51" count="1" type="stmt"/>
        <line num="52" count="1" type="stmt"/>
        <line num="53" count="23" type="cond" truecount="1" falsecount="0"/>
        <line num="54" count="23" type="stmt"/>
        <line num="55" count="23" type="stmt"/>
        <line num="56" count="1" type="stmt"/>
        <line num="57" count="1" type="stmt"/>
        <line num="58" count="0" type="stmt"/>
        <line num="59" count="0" type="stmt"/>
        <line num="60" count="0" type="stmt"/>
        <line num="61" count="1" type="stmt"/>
        <line num="62" count="1" type="stmt"/>
        <line num="63" count="0" type="stmt"/>
        <line num="64" count="0" type="stmt"/>
        <line num="65" count="0" type="stmt"/>
        <line num="66" count="1" type="stmt"/>
        <line num="67" count="1" type="stmt"/>
        <line num="68" count="1" type="stmt"/>
        <line num="69" count="1" type="stmt"/>
        <line num="70" count="1" type="stmt"/>
        <line num="71" count="1" type="stmt"/>
        <line num="72" count="1" type="stmt"/>
        <line num="73" count="1" type="stmt"/>
        <line num="74" count="0" type="stmt"/>
        <line num="75" count="0" type="stmt"/>
        <line num="76" count="0" type="stmt"/>
        <line num="77" count="0" type="stmt"/>
        <line num="78" count="0" type="stmt"/>
        <line num="79" count="0" type="stmt"/>
        <line num="80" count="0" type="stmt"/>
        <line num="81" count="0" type="stmt"/>
        <line num="82" count="0" type="stmt"/>
        <line num="83" count="0" type="stmt"/>
        <line num="84" count="0" type="stmt"/>
        <line num="85" count="0" type="stmt"/>
        <line num="86" count="0" type="stmt"/>
        <line num="87" count="0" type="stmt"/>
        <line num="88" count="0" type="stmt"/>
        <line num="89" count="0" type="stmt"/>
        <line num="90" count="0" type="stmt"/>
        <line num="91" count="0" type="stmt"/>
        <line num="92" count="0" type="stmt"/>
        <line num="93" count="0" type="stmt"/>
        <line num="94" count="1" type="stmt"/>
        <line num="95" count="1" type="stmt"/>
        <line num="96" count="1" type="stmt"/>
        <line num="97" count="1" type="stmt"/>
        <line num="98" count="1" type="stmt"/>
        <line num="99" count="1" type="stmt"/>
        <line num="100" count="1" type="stmt"/>
        <line num="101" count="0" type="stmt"/>
        <line num="102" count="0" type="stmt"/>
        <line num="103" count="0" type="stmt"/>
        <line num="104" count="0" type="stmt"/>
        <line num="105" count="0" type="stmt"/>
        <line num="106" count="0" type="stmt"/>
        <line num="107" count="0" type="stmt"/>
        <line num="108" count="0" type="stmt"/>
        <line num="109" count="0" type="stmt"/>
        <line num="110" count="0" type="stmt"/>
        <line num="111" count="0" type="stmt"/>
        <line num="112" count="0" type="stmt"/>
        <line num="113" count="0" type="stmt"/>
        <line num="114" count="0" type="stmt"/>
        <line num="115" count="0" type="stmt"/>
        <line num="116" count="0" type="stmt"/>
        <line num="117" count="0" type="stmt"/>
        <line num="118" count="0" type="stmt"/>
        <line num="119" count="0" type="stmt"/>
        <line num="120" count="0" type="stmt"/>
        <line num="121" count="0" type="stmt"/>
        <line num="122" count="0" type="stmt"/>
        <line num="123" count="1" type="stmt"/>
        <line num="124" count="1" type="stmt"/>
        <line num="125" count="1" type="stmt"/>
        <line num="126" count="1" type="stmt"/>
        <line num="127" count="1" type="stmt"/>
        <line num="128" count="1" type="stmt"/>
        <line num="129" count="1" type="stmt"/>
        <line num="130" count="0" type="stmt"/>
        <line num="131" count="0" type="stmt"/>
        <line num="132" count="0" type="stmt"/>
        <line num="133" count="0" type="stmt"/>
        <line num="134" count="0" type="stmt"/>
        <line num="135" count="0" type="stmt"/>
        <line num="136" count="0" type="stmt"/>
        <line num="137" count="0" type="stmt"/>
        <line num="138" count="0" type="stmt"/>
        <line num="139" count="0" type="stmt"/>
        <line num="140" count="1" type="stmt"/>
        <line num="141" count="1" type="stmt"/>
        <line num="142" count="1" type="stmt"/>
        <line num="143" count="1" type="stmt"/>
        <line num="144" count="1" type="stmt"/>
        <line num="145" count="0" type="stmt"/>
        <line num="146" count="0" type="stmt"/>
        <line num="147" count="0" type="stmt"/>
        <line num="148" count="0" type="stmt"/>
      </file>
    </package>
  </project>
</coverage>
