{"/workspaces/creation/src/components/digit-matcher/index.tsx": {"path":"/workspaces/creation/src/components/digit-matcher/index.tsx","all":false,"statementMap":{"0":{"start":{"line":1,"column":0},"end":{"line":1,"column":81}},"1":{"start":{"line":2,"column":0},"end":{"line":2,"column":51}},"2":{"start":{"line":3,"column":0},"end":{"line":3,"column":51}},"3":{"start":{"line":4,"column":0},"end":{"line":4,"column":44}},"4":{"start":{"line":5,"column":0},"end":{"line":5,"column":61}},"5":{"start":{"line":6,"column":0},"end":{"line":6,"column":30}},"6":{"start":{"line":7,"column":0},"end":{"line":7,"column":0}},"7":{"start":{"line":8,"column":0},"end":{"line":8,"column":55}},"8":{"start":{"line":9,"column":0},"end":{"line":9,"column":24}},"9":{"start":{"line":10,"column":0},"end":{"line":10,"column":0}},"10":{"start":{"line":11,"column":0},"end":{"line":11,"column":80}},"11":{"start":{"line":12,"column":0},"end":{"line":12,"column":27}},"12":{"start":{"line":13,"column":0},"end":{"line":13,"column":97}},"13":{"start":{"line":14,"column":0},"end":{"line":14,"column":97}},"14":{"start":{"line":15,"column":0},"end":{"line":15,"column":97}},"15":{"start":{"line":16,"column":0},"end":{"line":16,"column":97}},"16":{"start":{"line":17,"column":0},"end":{"line":17,"column":101}},"17":{"start":{"line":18,"column":0},"end":{"line":18,"column":79}},"18":{"start":{"line":19,"column":0},"end":{"line":19,"column":79}},"19":{"start":{"line":20,"column":0},"end":{"line":20,"column":79}},"20":{"start":{"line":21,"column":0},"end":{"line":21,"column":79}},"21":{"start":{"line":22,"column":0},"end":{"line":22,"column":83}},"22":{"start":{"line":23,"column":0},"end":{"line":23,"column":2}},"23":{"start":{"line":24,"column":0},"end":{"line":24,"column":0}},"24":{"start":{"line":25,"column":0},"end":{"line":25,"column":52}},"25":{"start":{"line":26,"column":0},"end":{"line":26,"column":60}},"26":{"start":{"line":27,"column":0},"end":{"line":27,"column":66}},"27":{"start":{"line":28,"column":0},"end":{"line":28,"column":40}},"28":{"start":{"line":29,"column":0},"end":{"line":29,"column":72}},"29":{"start":{"line":30,"column":0},"end":{"line":30,"column":47}},"30":{"start":{"line":31,"column":0},"end":{"line":31,"column":1}},"31":{"start":{"line":32,"column":0},"end":{"line":32,"column":0}},"32":{"start":{"line":33,"column":0},"end":{"line":33,"column":72}},"33":{"start":{"line":34,"column":0},"end":{"line":34,"column":42}},"34":{"start":{"line":35,"column":0},"end":{"line":35,"column":35}},"35":{"start":{"line":36,"column":0},"end":{"line":36,"column":49}},"36":{"start":{"line":37,"column":0},"end":{"line":37,"column":0}},"37":{"start":{"line":38,"column":0},"end":{"line":38,"column":60}},"38":{"start":{"line":39,"column":0},"end":{"line":39,"column":45}},"39":{"start":{"line":40,"column":0},"end":{"line":40,"column":0}},"40":{"start":{"line":41,"column":0},"end":{"line":41,"column":64}},"41":{"start":{"line":42,"column":0},"end":{"line":42,"column":61}},"42":{"start":{"line":43,"column":0},"end":{"line":43,"column":70}},"43":{"start":{"line":44,"column":0},"end":{"line":44,"column":1}},"44":{"start":{"line":45,"column":0},"end":{"line":45,"column":0}},"45":{"start":{"line":46,"column":0},"end":{"line":46,"column":80}},"46":{"start":{"line":47,"column":0},"end":{"line":47,"column":42}},"47":{"start":{"line":48,"column":0},"end":{"line":48,"column":37}},"48":{"start":{"line":49,"column":0},"end":{"line":49,"column":35}},"49":{"start":{"line":50,"column":0},"end":{"line":50,"column":78}},"50":{"start":{"line":51,"column":0},"end":{"line":51,"column":1}},"51":{"start":{"line":52,"column":0},"end":{"line":52,"column":0}},"52":{"start":{"line":53,"column":0},"end":{"line":53,"column":0}},"53":{"start":{"line":54,"column":0},"end":{"line":54,"column":38}},"54":{"start":{"line":55,"column":0},"end":{"line":55,"column":77}},"55":{"start":{"line":56,"column":0},"end":{"line":56,"column":51}},"56":{"start":{"line":57,"column":0},"end":{"line":57,"column":56}},"57":{"start":{"line":58,"column":0},"end":{"line":58,"column":55}},"58":{"start":{"line":59,"column":0},"end":{"line":59,"column":55}},"59":{"start":{"line":60,"column":0},"end":{"line":60,"column":72}},"60":{"start":{"line":61,"column":0},"end":{"line":61,"column":74}},"61":{"start":{"line":62,"column":0},"end":{"line":62,"column":81}},"62":{"start":{"line":63,"column":0},"end":{"line":63,"column":114}},"63":{"start":{"line":64,"column":0},"end":{"line":64,"column":54}},"64":{"start":{"line":65,"column":0},"end":{"line":65,"column":60}},"65":{"start":{"line":66,"column":0},"end":{"line":66,"column":52}},"66":{"start":{"line":67,"column":0},"end":{"line":67,"column":64}},"67":{"start":{"line":68,"column":0},"end":{"line":68,"column":34}},"68":{"start":{"line":69,"column":0},"end":{"line":69,"column":0}},"69":{"start":{"line":70,"column":0},"end":{"line":70,"column":53}},"70":{"start":{"line":71,"column":0},"end":{"line":71,"column":43}},"71":{"start":{"line":72,"column":0},"end":{"line":72,"column":35}},"72":{"start":{"line":73,"column":0},"end":{"line":73,"column":72}},"73":{"start":{"line":74,"column":0},"end":{"line":74,"column":54}},"74":{"start":{"line":75,"column":0},"end":{"line":75,"column":44}},"75":{"start":{"line":76,"column":0},"end":{"line":76,"column":49}},"76":{"start":{"line":77,"column":0},"end":{"line":77,"column":68}},"77":{"start":{"line":78,"column":0},"end":{"line":78,"column":55}},"78":{"start":{"line":79,"column":0},"end":{"line":79,"column":41}},"79":{"start":{"line":80,"column":0},"end":{"line":80,"column":61}},"80":{"start":{"line":81,"column":0},"end":{"line":81,"column":59}},"81":{"start":{"line":82,"column":0},"end":{"line":82,"column":0}},"82":{"start":{"line":83,"column":0},"end":{"line":83,"column":80}},"83":{"start":{"line":84,"column":0},"end":{"line":84,"column":0}},"84":{"start":{"line":85,"column":0},"end":{"line":85,"column":42}},"85":{"start":{"line":86,"column":0},"end":{"line":86,"column":39}},"86":{"start":{"line":87,"column":0},"end":{"line":87,"column":11}},"87":{"start":{"line":88,"column":0},"end":{"line":88,"column":0}},"88":{"start":{"line":89,"column":0},"end":{"line":89,"column":21}},"89":{"start":{"line":90,"column":0},"end":{"line":90,"column":51}},"90":{"start":{"line":91,"column":0},"end":{"line":91,"column":25}},"91":{"start":{"line":92,"column":0},"end":{"line":92,"column":0}},"92":{"start":{"line":93,"column":0},"end":{"line":93,"column":21}},"93":{"start":{"line":94,"column":0},"end":{"line":94,"column":41}},"94":{"start":{"line":95,"column":0},"end":{"line":95,"column":20}},"95":{"start":{"line":96,"column":0},"end":{"line":96,"column":0}},"96":{"start":{"line":97,"column":0},"end":{"line":97,"column":21}},"97":{"start":{"line":98,"column":0},"end":{"line":98,"column":33}},"98":{"start":{"line":99,"column":0},"end":{"line":99,"column":16}},"99":{"start":{"line":100,"column":0},"end":{"line":100,"column":0}},"100":{"start":{"line":101,"column":0},"end":{"line":101,"column":21}},"101":{"start":{"line":102,"column":0},"end":{"line":102,"column":32}},"102":{"start":{"line":103,"column":0},"end":{"line":103,"column":48}},"103":{"start":{"line":104,"column":0},"end":{"line":104,"column":48}},"104":{"start":{"line":105,"column":0},"end":{"line":105,"column":73}},"105":{"start":{"line":106,"column":0},"end":{"line":106,"column":75}},"106":{"start":{"line":107,"column":0},"end":{"line":107,"column":64}},"107":{"start":{"line":108,"column":0},"end":{"line":108,"column":10}},"108":{"start":{"line":109,"column":0},"end":{"line":109,"column":56}},"109":{"start":{"line":110,"column":0},"end":{"line":110,"column":72}},"110":{"start":{"line":111,"column":0},"end":{"line":111,"column":21}},"111":{"start":{"line":112,"column":0},"end":{"line":112,"column":0}},"112":{"start":{"line":113,"column":0},"end":{"line":113,"column":57}},"113":{"start":{"line":114,"column":0},"end":{"line":114,"column":33}},"114":{"start":{"line":115,"column":0},"end":{"line":115,"column":17}},"115":{"start":{"line":116,"column":0},"end":{"line":116,"column":59}},"116":{"start":{"line":117,"column":0},"end":{"line":117,"column":26}},"117":{"start":{"line":118,"column":0},"end":{"line":118,"column":25}},"118":{"start":{"line":119,"column":0},"end":{"line":119,"column":13}},"119":{"start":{"line":120,"column":0},"end":{"line":120,"column":9}},"120":{"start":{"line":121,"column":0},"end":{"line":121,"column":11}},"121":{"start":{"line":122,"column":0},"end":{"line":122,"column":0}},"122":{"start":{"line":123,"column":0},"end":{"line":123,"column":46}},"123":{"start":{"line":124,"column":0},"end":{"line":124,"column":52}},"124":{"start":{"line":125,"column":0},"end":{"line":125,"column":17}},"125":{"start":{"line":126,"column":0},"end":{"line":126,"column":78}},"126":{"start":{"line":127,"column":0},"end":{"line":127,"column":26}},"127":{"start":{"line":128,"column":0},"end":{"line":128,"column":25}},"128":{"start":{"line":129,"column":0},"end":{"line":129,"column":13}},"129":{"start":{"line":130,"column":0},"end":{"line":130,"column":41}},"130":{"start":{"line":131,"column":0},"end":{"line":131,"column":16}},"131":{"start":{"line":132,"column":0},"end":{"line":132,"column":41}},"132":{"start":{"line":133,"column":0},"end":{"line":133,"column":9}},"133":{"start":{"line":134,"column":0},"end":{"line":134,"column":33}},"134":{"start":{"line":135,"column":0},"end":{"line":135,"column":47}},"135":{"start":{"line":136,"column":0},"end":{"line":136,"column":38}},"136":{"start":{"line":137,"column":0},"end":{"line":137,"column":9}},"137":{"start":{"line":138,"column":0},"end":{"line":138,"column":11}},"138":{"start":{"line":139,"column":0},"end":{"line":139,"column":0}},"139":{"start":{"line":140,"column":0},"end":{"line":140,"column":64}},"140":{"start":{"line":141,"column":0},"end":{"line":141,"column":40}},"141":{"start":{"line":142,"column":0},"end":{"line":142,"column":25}},"142":{"start":{"line":143,"column":0},"end":{"line":143,"column":38}},"143":{"start":{"line":144,"column":0},"end":{"line":144,"column":36}},"144":{"start":{"line":145,"column":0},"end":{"line":145,"column":0}},"145":{"start":{"line":146,"column":0},"end":{"line":146,"column":34}},"146":{"start":{"line":147,"column":0},"end":{"line":147,"column":50}},"147":{"start":{"line":148,"column":0},"end":{"line":148,"column":50}},"148":{"start":{"line":149,"column":0},"end":{"line":149,"column":43}},"149":{"start":{"line":150,"column":0},"end":{"line":150,"column":80}},"150":{"start":{"line":151,"column":0},"end":{"line":151,"column":57}},"151":{"start":{"line":152,"column":0},"end":{"line":152,"column":81}},"152":{"start":{"line":153,"column":0},"end":{"line":153,"column":106}},"153":{"start":{"line":154,"column":0},"end":{"line":154,"column":0}},"154":{"start":{"line":155,"column":0},"end":{"line":155,"column":96}},"155":{"start":{"line":156,"column":0},"end":{"line":156,"column":67}},"156":{"start":{"line":157,"column":0},"end":{"line":157,"column":63}},"157":{"start":{"line":158,"column":0},"end":{"line":158,"column":47}},"158":{"start":{"line":159,"column":0},"end":{"line":159,"column":0}},"159":{"start":{"line":160,"column":0},"end":{"line":160,"column":85}},"160":{"start":{"line":161,"column":0},"end":{"line":161,"column":85}},"161":{"start":{"line":162,"column":0},"end":{"line":162,"column":42}},"162":{"start":{"line":163,"column":0},"end":{"line":163,"column":43}},"163":{"start":{"line":164,"column":0},"end":{"line":164,"column":42}},"164":{"start":{"line":165,"column":0},"end":{"line":165,"column":0}},"165":{"start":{"line":166,"column":0},"end":{"line":166,"column":93}},"166":{"start":{"line":167,"column":0},"end":{"line":167,"column":25}},"167":{"start":{"line":168,"column":0},"end":{"line":168,"column":136}},"168":{"start":{"line":169,"column":0},"end":{"line":169,"column":58}},"169":{"start":{"line":170,"column":0},"end":{"line":170,"column":91}},"170":{"start":{"line":171,"column":0},"end":{"line":171,"column":90}},"171":{"start":{"line":172,"column":0},"end":{"line":172,"column":124}},"172":{"start":{"line":173,"column":0},"end":{"line":173,"column":106}},"173":{"start":{"line":174,"column":0},"end":{"line":174,"column":41}},"174":{"start":{"line":175,"column":0},"end":{"line":175,"column":46}},"175":{"start":{"line":176,"column":0},"end":{"line":176,"column":45}},"176":{"start":{"line":177,"column":0},"end":{"line":177,"column":43}},"177":{"start":{"line":178,"column":0},"end":{"line":178,"column":51}},"178":{"start":{"line":179,"column":0},"end":{"line":179,"column":50}},"179":{"start":{"line":180,"column":0},"end":{"line":180,"column":45}},"180":{"start":{"line":181,"column":0},"end":{"line":181,"column":48}},"181":{"start":{"line":182,"column":0},"end":{"line":182,"column":55}},"182":{"start":{"line":183,"column":0},"end":{"line":183,"column":44}},"183":{"start":{"line":184,"column":0},"end":{"line":184,"column":59}},"184":{"start":{"line":185,"column":0},"end":{"line":185,"column":34}},"185":{"start":{"line":186,"column":0},"end":{"line":186,"column":31}},"186":{"start":{"line":187,"column":0},"end":{"line":187,"column":0}},"187":{"start":{"line":188,"column":0},"end":{"line":188,"column":130}},"188":{"start":{"line":189,"column":0},"end":{"line":189,"column":53}},"189":{"start":{"line":190,"column":0},"end":{"line":190,"column":62}},"190":{"start":{"line":191,"column":0},"end":{"line":191,"column":65}},"191":{"start":{"line":192,"column":0},"end":{"line":192,"column":43}},"192":{"start":{"line":193,"column":0},"end":{"line":193,"column":65}},"193":{"start":{"line":194,"column":0},"end":{"line":194,"column":64}},"194":{"start":{"line":195,"column":0},"end":{"line":195,"column":59}},"195":{"start":{"line":196,"column":0},"end":{"line":196,"column":59}},"196":{"start":{"line":197,"column":0},"end":{"line":197,"column":71}},"197":{"start":{"line":198,"column":0},"end":{"line":198,"column":70}},"198":{"start":{"line":199,"column":0},"end":{"line":199,"column":117}},"199":{"start":{"line":200,"column":0},"end":{"line":200,"column":51}},"200":{"start":{"line":201,"column":0},"end":{"line":201,"column":46}},"201":{"start":{"line":202,"column":0},"end":{"line":202,"column":54}},"202":{"start":{"line":203,"column":0},"end":{"line":203,"column":71}},"203":{"start":{"line":204,"column":0},"end":{"line":204,"column":111}},"204":{"start":{"line":205,"column":0},"end":{"line":205,"column":38}},"205":{"start":{"line":206,"column":0},"end":{"line":206,"column":42}},"206":{"start":{"line":207,"column":0},"end":{"line":207,"column":66}},"207":{"start":{"line":208,"column":0},"end":{"line":208,"column":37}},"208":{"start":{"line":209,"column":0},"end":{"line":209,"column":64}},"209":{"start":{"line":210,"column":0},"end":{"line":210,"column":69}},"210":{"start":{"line":211,"column":0},"end":{"line":211,"column":63}},"211":{"start":{"line":212,"column":0},"end":{"line":212,"column":74}},"212":{"start":{"line":213,"column":0},"end":{"line":213,"column":55}},"213":{"start":{"line":214,"column":0},"end":{"line":214,"column":100}},"214":{"start":{"line":215,"column":0},"end":{"line":215,"column":61}},"215":{"start":{"line":216,"column":0},"end":{"line":216,"column":46}},"216":{"start":{"line":217,"column":0},"end":{"line":217,"column":45}},"217":{"start":{"line":218,"column":0},"end":{"line":218,"column":33}},"218":{"start":{"line":219,"column":0},"end":{"line":219,"column":37}},"219":{"start":{"line":220,"column":0},"end":{"line":220,"column":94}},"220":{"start":{"line":221,"column":0},"end":{"line":221,"column":46}},"221":{"start":{"line":222,"column":0},"end":{"line":222,"column":68}},"222":{"start":{"line":223,"column":0},"end":{"line":223,"column":33}},"223":{"start":{"line":224,"column":0},"end":{"line":224,"column":44}},"224":{"start":{"line":225,"column":0},"end":{"line":225,"column":53}},"225":{"start":{"line":226,"column":0},"end":{"line":226,"column":31}},"226":{"start":{"line":227,"column":0},"end":{"line":227,"column":25}},"227":{"start":{"line":228,"column":0},"end":{"line":228,"column":34}},"228":{"start":{"line":229,"column":0},"end":{"line":229,"column":82}},"229":{"start":{"line":230,"column":0},"end":{"line":230,"column":21}},"230":{"start":{"line":231,"column":0},"end":{"line":231,"column":19}},"231":{"start":{"line":232,"column":0},"end":{"line":232,"column":13}},"232":{"start":{"line":233,"column":0},"end":{"line":233,"column":9}},"233":{"start":{"line":234,"column":0},"end":{"line":234,"column":0}},"234":{"start":{"line":235,"column":0},"end":{"line":235,"column":13}},"235":{"start":{"line":236,"column":0},"end":{"line":236,"column":91}},"236":{"start":{"line":237,"column":0},"end":{"line":237,"column":70}},"237":{"start":{"line":238,"column":0},"end":{"line":238,"column":51}},"238":{"start":{"line":239,"column":0},"end":{"line":239,"column":52}},"239":{"start":{"line":240,"column":0},"end":{"line":240,"column":65}},"240":{"start":{"line":241,"column":0},"end":{"line":241,"column":13}},"241":{"start":{"line":242,"column":0},"end":{"line":242,"column":22}},"242":{"start":{"line":243,"column":0},"end":{"line":243,"column":68}},"243":{"start":{"line":244,"column":0},"end":{"line":244,"column":9}},"244":{"start":{"line":245,"column":0},"end":{"line":245,"column":52}},"245":{"start":{"line":246,"column":0},"end":{"line":246,"column":0}},"246":{"start":{"line":247,"column":0},"end":{"line":247,"column":21}},"247":{"start":{"line":248,"column":0},"end":{"line":248,"column":28}},"248":{"start":{"line":249,"column":0},"end":{"line":249,"column":64}},"249":{"start":{"line":250,"column":0},"end":{"line":250,"column":29}},"250":{"start":{"line":251,"column":0},"end":{"line":251,"column":9}},"251":{"start":{"line":252,"column":0},"end":{"line":252,"column":0}},"252":{"start":{"line":253,"column":0},"end":{"line":253,"column":25}},"253":{"start":{"line":254,"column":0},"end":{"line":254,"column":29}},"254":{"start":{"line":255,"column":0},"end":{"line":255,"column":29}},"255":{"start":{"line":256,"column":0},"end":{"line":256,"column":9}},"256":{"start":{"line":257,"column":0},"end":{"line":257,"column":0}},"257":{"start":{"line":258,"column":0},"end":{"line":258,"column":32}},"258":{"start":{"line":259,"column":0},"end":{"line":259,"column":0}},"259":{"start":{"line":260,"column":0},"end":{"line":260,"column":38}},"260":{"start":{"line":261,"column":0},"end":{"line":261,"column":61}},"261":{"start":{"line":262,"column":0},"end":{"line":262,"column":0}},"262":{"start":{"line":263,"column":0},"end":{"line":263,"column":21}},"263":{"start":{"line":264,"column":0},"end":{"line":264,"column":41}},"264":{"start":{"line":265,"column":0},"end":{"line":265,"column":0}},"265":{"start":{"line":266,"column":0},"end":{"line":266,"column":29}},"266":{"start":{"line":267,"column":0},"end":{"line":267,"column":87}},"267":{"start":{"line":268,"column":0},"end":{"line":268,"column":30}},"268":{"start":{"line":269,"column":0},"end":{"line":269,"column":41}},"269":{"start":{"line":270,"column":0},"end":{"line":270,"column":14}},"270":{"start":{"line":271,"column":0},"end":{"line":271,"column":11}},"271":{"start":{"line":272,"column":0},"end":{"line":272,"column":58}},"272":{"start":{"line":273,"column":0},"end":{"line":273,"column":53}},"273":{"start":{"line":274,"column":0},"end":{"line":274,"column":46}},"274":{"start":{"line":275,"column":0},"end":{"line":275,"column":0}},"275":{"start":{"line":276,"column":0},"end":{"line":276,"column":21}},"276":{"start":{"line":277,"column":0},"end":{"line":277,"column":22}},"277":{"start":{"line":278,"column":0},"end":{"line":278,"column":17}},"278":{"start":{"line":279,"column":0},"end":{"line":279,"column":33}},"279":{"start":{"line":280,"column":0},"end":{"line":280,"column":48}},"280":{"start":{"line":281,"column":0},"end":{"line":281,"column":38}},"281":{"start":{"line":282,"column":0},"end":{"line":282,"column":47}},"282":{"start":{"line":283,"column":0},"end":{"line":283,"column":73}},"283":{"start":{"line":284,"column":0},"end":{"line":284,"column":55}},"284":{"start":{"line":285,"column":0},"end":{"line":285,"column":26}},"285":{"start":{"line":286,"column":0},"end":{"line":286,"column":40}},"286":{"start":{"line":287,"column":0},"end":{"line":287,"column":13}},"287":{"start":{"line":288,"column":0},"end":{"line":288,"column":10}},"288":{"start":{"line":289,"column":0},"end":{"line":289,"column":40}},"289":{"start":{"line":290,"column":0},"end":{"line":290,"column":0}},"290":{"start":{"line":291,"column":0},"end":{"line":291,"column":56}},"291":{"start":{"line":292,"column":0},"end":{"line":292,"column":40}},"292":{"start":{"line":293,"column":0},"end":{"line":293,"column":42}},"293":{"start":{"line":294,"column":0},"end":{"line":294,"column":52}},"294":{"start":{"line":295,"column":0},"end":{"line":295,"column":33}},"295":{"start":{"line":296,"column":0},"end":{"line":296,"column":24}},"296":{"start":{"line":297,"column":0},"end":{"line":297,"column":11}},"297":{"start":{"line":298,"column":0},"end":{"line":298,"column":11}},"298":{"start":{"line":299,"column":0},"end":{"line":299,"column":0}},"299":{"start":{"line":300,"column":0},"end":{"line":300,"column":45}},"300":{"start":{"line":301,"column":0},"end":{"line":301,"column":24}},"301":{"start":{"line":302,"column":0},"end":{"line":302,"column":86}},"302":{"start":{"line":303,"column":0},"end":{"line":303,"column":17}},"303":{"start":{"line":304,"column":0},"end":{"line":304,"column":67}},"304":{"start":{"line":305,"column":0},"end":{"line":305,"column":45}},"305":{"start":{"line":306,"column":0},"end":{"line":306,"column":47}},"306":{"start":{"line":307,"column":0},"end":{"line":307,"column":69}},"307":{"start":{"line":308,"column":0},"end":{"line":308,"column":95}},"308":{"start":{"line":309,"column":0},"end":{"line":309,"column":26}},"309":{"start":{"line":310,"column":0},"end":{"line":310,"column":45}},"310":{"start":{"line":311,"column":0},"end":{"line":311,"column":13}},"311":{"start":{"line":312,"column":0},"end":{"line":312,"column":32}},"312":{"start":{"line":313,"column":0},"end":{"line":313,"column":35}},"313":{"start":{"line":314,"column":0},"end":{"line":314,"column":89}},"314":{"start":{"line":315,"column":0},"end":{"line":315,"column":19}},"315":{"start":{"line":316,"column":0},"end":{"line":316,"column":9}},"316":{"start":{"line":317,"column":0},"end":{"line":317,"column":0}},"317":{"start":{"line":318,"column":0},"end":{"line":318,"column":28}},"318":{"start":{"line":319,"column":0},"end":{"line":319,"column":80}},"319":{"start":{"line":320,"column":0},"end":{"line":320,"column":19}},"320":{"start":{"line":321,"column":0},"end":{"line":321,"column":9}},"321":{"start":{"line":322,"column":0},"end":{"line":322,"column":0}},"322":{"start":{"line":323,"column":0},"end":{"line":323,"column":31}},"323":{"start":{"line":324,"column":0},"end":{"line":324,"column":40}},"324":{"start":{"line":325,"column":0},"end":{"line":325,"column":100}},"325":{"start":{"line":326,"column":0},"end":{"line":326,"column":9}},"326":{"start":{"line":327,"column":0},"end":{"line":327,"column":0}},"327":{"start":{"line":328,"column":0},"end":{"line":328,"column":80}},"328":{"start":{"line":329,"column":0},"end":{"line":329,"column":13}},"329":{"start":{"line":330,"column":0},"end":{"line":330,"column":51}},"330":{"start":{"line":331,"column":0},"end":{"line":331,"column":33}},"331":{"start":{"line":332,"column":0},"end":{"line":332,"column":41}},"332":{"start":{"line":333,"column":0},"end":{"line":333,"column":65}},"333":{"start":{"line":334,"column":0},"end":{"line":334,"column":41}},"334":{"start":{"line":335,"column":0},"end":{"line":335,"column":61}},"335":{"start":{"line":336,"column":0},"end":{"line":336,"column":132}},"336":{"start":{"line":337,"column":0},"end":{"line":337,"column":14}},"337":{"start":{"line":338,"column":0},"end":{"line":338,"column":50}},"338":{"start":{"line":339,"column":0},"end":{"line":339,"column":14}},"339":{"start":{"line":340,"column":0},"end":{"line":340,"column":51}},"340":{"start":{"line":341,"column":0},"end":{"line":341,"column":9}},"341":{"start":{"line":342,"column":0},"end":{"line":342,"column":0}},"342":{"start":{"line":343,"column":0},"end":{"line":343,"column":39}},"343":{"start":{"line":344,"column":0},"end":{"line":344,"column":27}},"344":{"start":{"line":345,"column":0},"end":{"line":345,"column":99}},"345":{"start":{"line":346,"column":0},"end":{"line":346,"column":37}},"346":{"start":{"line":347,"column":0},"end":{"line":347,"column":0}},"347":{"start":{"line":348,"column":0},"end":{"line":348,"column":70}},"348":{"start":{"line":349,"column":0},"end":{"line":349,"column":29}},"349":{"start":{"line":350,"column":0},"end":{"line":350,"column":43}},"350":{"start":{"line":351,"column":0},"end":{"line":351,"column":34}},"351":{"start":{"line":352,"column":0},"end":{"line":352,"column":9}},"352":{"start":{"line":353,"column":0},"end":{"line":353,"column":42}},"353":{"start":{"line":354,"column":0},"end":{"line":354,"column":86}},"354":{"start":{"line":355,"column":0},"end":{"line":355,"column":42}},"355":{"start":{"line":356,"column":0},"end":{"line":356,"column":97}},"356":{"start":{"line":357,"column":0},"end":{"line":357,"column":60}},"357":{"start":{"line":358,"column":0},"end":{"line":358,"column":80}},"358":{"start":{"line":359,"column":0},"end":{"line":359,"column":72}},"359":{"start":{"line":360,"column":0},"end":{"line":360,"column":61}},"360":{"start":{"line":361,"column":0},"end":{"line":361,"column":47}},"361":{"start":{"line":362,"column":0},"end":{"line":362,"column":29}},"362":{"start":{"line":363,"column":0},"end":{"line":363,"column":55}},"363":{"start":{"line":364,"column":0},"end":{"line":364,"column":147}},"364":{"start":{"line":365,"column":0},"end":{"line":365,"column":31}},"365":{"start":{"line":366,"column":0},"end":{"line":366,"column":88}},"366":{"start":{"line":367,"column":0},"end":{"line":367,"column":38}},"367":{"start":{"line":368,"column":0},"end":{"line":368,"column":37}},"368":{"start":{"line":369,"column":0},"end":{"line":369,"column":25}},"369":{"start":{"line":370,"column":0},"end":{"line":370,"column":21}},"370":{"start":{"line":371,"column":0},"end":{"line":371,"column":17}},"371":{"start":{"line":372,"column":0},"end":{"line":372,"column":15}},"372":{"start":{"line":373,"column":0},"end":{"line":373,"column":9}},"373":{"start":{"line":374,"column":0},"end":{"line":374,"column":79}},"374":{"start":{"line":375,"column":0},"end":{"line":375,"column":0}},"375":{"start":{"line":376,"column":0},"end":{"line":376,"column":43}},"376":{"start":{"line":377,"column":0},"end":{"line":377,"column":56}},"377":{"start":{"line":378,"column":0},"end":{"line":378,"column":25}},"378":{"start":{"line":379,"column":0},"end":{"line":379,"column":6}},"379":{"start":{"line":380,"column":0},"end":{"line":380,"column":33}},"380":{"start":{"line":381,"column":0},"end":{"line":381,"column":73}},"381":{"start":{"line":382,"column":0},"end":{"line":382,"column":33}},"382":{"start":{"line":383,"column":0},"end":{"line":383,"column":6}},"383":{"start":{"line":384,"column":0},"end":{"line":384,"column":64}},"384":{"start":{"line":385,"column":0},"end":{"line":385,"column":39}},"385":{"start":{"line":386,"column":0},"end":{"line":386,"column":59}},"386":{"start":{"line":387,"column":0},"end":{"line":387,"column":50}},"387":{"start":{"line":388,"column":0},"end":{"line":388,"column":58}},"388":{"start":{"line":389,"column":0},"end":{"line":389,"column":22}},"389":{"start":{"line":390,"column":0},"end":{"line":390,"column":29}},"390":{"start":{"line":391,"column":0},"end":{"line":391,"column":34}},"391":{"start":{"line":392,"column":0},"end":{"line":392,"column":130}},"392":{"start":{"line":393,"column":0},"end":{"line":393,"column":39}},"393":{"start":{"line":394,"column":0},"end":{"line":394,"column":6}},"394":{"start":{"line":395,"column":0},"end":{"line":395,"column":38}},"395":{"start":{"line":396,"column":0},"end":{"line":396,"column":84}},"396":{"start":{"line":397,"column":0},"end":{"line":397,"column":92}},"397":{"start":{"line":398,"column":0},"end":{"line":398,"column":93}},"398":{"start":{"line":399,"column":0},"end":{"line":399,"column":47}},"399":{"start":{"line":400,"column":0},"end":{"line":400,"column":76}},"400":{"start":{"line":401,"column":0},"end":{"line":401,"column":47}},"401":{"start":{"line":402,"column":0},"end":{"line":402,"column":77}},"402":{"start":{"line":403,"column":0},"end":{"line":403,"column":70}},"403":{"start":{"line":404,"column":0},"end":{"line":404,"column":24}},"404":{"start":{"line":405,"column":0},"end":{"line":405,"column":41}},"405":{"start":{"line":406,"column":0},"end":{"line":406,"column":47}},"406":{"start":{"line":407,"column":0},"end":{"line":407,"column":51}},"407":{"start":{"line":408,"column":0},"end":{"line":408,"column":45}},"408":{"start":{"line":409,"column":0},"end":{"line":409,"column":25}},"409":{"start":{"line":410,"column":0},"end":{"line":410,"column":23}},"410":{"start":{"line":411,"column":0},"end":{"line":411,"column":41}},"411":{"start":{"line":412,"column":0},"end":{"line":412,"column":22}},"412":{"start":{"line":413,"column":0},"end":{"line":413,"column":0}},"413":{"start":{"line":414,"column":0},"end":{"line":414,"column":12}},"414":{"start":{"line":415,"column":0},"end":{"line":415,"column":28}},"415":{"start":{"line":416,"column":0},"end":{"line":416,"column":40}},"416":{"start":{"line":417,"column":0},"end":{"line":417,"column":76}},"417":{"start":{"line":418,"column":0},"end":{"line":418,"column":49}},"418":{"start":{"line":419,"column":0},"end":{"line":419,"column":114}},"419":{"start":{"line":420,"column":0},"end":{"line":420,"column":22}},"420":{"start":{"line":421,"column":0},"end":{"line":421,"column":61}},"421":{"start":{"line":422,"column":0},"end":{"line":422,"column":18}},"422":{"start":{"line":423,"column":0},"end":{"line":423,"column":0}},"423":{"start":{"line":424,"column":0},"end":{"line":424,"column":41}},"424":{"start":{"line":425,"column":0},"end":{"line":425,"column":47}},"425":{"start":{"line":426,"column":0},"end":{"line":426,"column":64}},"426":{"start":{"line":427,"column":0},"end":{"line":427,"column":83}},"427":{"start":{"line":428,"column":0},"end":{"line":428,"column":82}},"428":{"start":{"line":429,"column":0},"end":{"line":429,"column":55}},"429":{"start":{"line":430,"column":0},"end":{"line":430,"column":68}},"430":{"start":{"line":431,"column":0},"end":{"line":431,"column":138}},"431":{"start":{"line":432,"column":0},"end":{"line":432,"column":30}},"432":{"start":{"line":433,"column":0},"end":{"line":433,"column":26}},"433":{"start":{"line":434,"column":0},"end":{"line":434,"column":55}},"434":{"start":{"line":435,"column":0},"end":{"line":435,"column":31}},"435":{"start":{"line":436,"column":0},"end":{"line":436,"column":41}},"436":{"start":{"line":437,"column":0},"end":{"line":437,"column":101}},"437":{"start":{"line":438,"column":0},"end":{"line":438,"column":51}},"438":{"start":{"line":439,"column":0},"end":{"line":439,"column":25}},"439":{"start":{"line":440,"column":0},"end":{"line":440,"column":92}},"440":{"start":{"line":441,"column":0},"end":{"line":441,"column":33}},"441":{"start":{"line":442,"column":0},"end":{"line":442,"column":59}},"442":{"start":{"line":443,"column":0},"end":{"line":443,"column":88}},"443":{"start":{"line":444,"column":0},"end":{"line":444,"column":34}},"444":{"start":{"line":445,"column":0},"end":{"line":445,"column":45}},"445":{"start":{"line":446,"column":0},"end":{"line":446,"column":39}},"446":{"start":{"line":447,"column":0},"end":{"line":447,"column":43}},"447":{"start":{"line":448,"column":0},"end":{"line":448,"column":59}},"448":{"start":{"line":449,"column":0},"end":{"line":449,"column":45}},"449":{"start":{"line":450,"column":0},"end":{"line":450,"column":87}},"450":{"start":{"line":451,"column":0},"end":{"line":451,"column":62}},"451":{"start":{"line":452,"column":0},"end":{"line":452,"column":30}},"452":{"start":{"line":453,"column":0},"end":{"line":453,"column":32}},"453":{"start":{"line":454,"column":0},"end":{"line":454,"column":56}},"454":{"start":{"line":455,"column":0},"end":{"line":455,"column":68}},"455":{"start":{"line":456,"column":0},"end":{"line":456,"column":89}},"456":{"start":{"line":457,"column":0},"end":{"line":457,"column":30}},"457":{"start":{"line":458,"column":0},"end":{"line":458,"column":56}},"458":{"start":{"line":459,"column":0},"end":{"line":459,"column":69}},"459":{"start":{"line":460,"column":0},"end":{"line":460,"column":68}},"460":{"start":{"line":461,"column":0},"end":{"line":461,"column":30}},"461":{"start":{"line":462,"column":0},"end":{"line":462,"column":56}},"462":{"start":{"line":463,"column":0},"end":{"line":463,"column":70}},"463":{"start":{"line":464,"column":0},"end":{"line":464,"column":115}},"464":{"start":{"line":465,"column":0},"end":{"line":465,"column":30}},"465":{"start":{"line":466,"column":0},"end":{"line":466,"column":52}},"466":{"start":{"line":467,"column":0},"end":{"line":467,"column":83}},"467":{"start":{"line":468,"column":0},"end":{"line":468,"column":70}},"468":{"start":{"line":469,"column":0},"end":{"line":469,"column":59}},"469":{"start":{"line":470,"column":0},"end":{"line":470,"column":34}},"470":{"start":{"line":471,"column":0},"end":{"line":471,"column":83}},"471":{"start":{"line":472,"column":0},"end":{"line":472,"column":70}},"472":{"start":{"line":473,"column":0},"end":{"line":473,"column":66}},"473":{"start":{"line":474,"column":0},"end":{"line":474,"column":34}},"474":{"start":{"line":475,"column":0},"end":{"line":475,"column":86}},"475":{"start":{"line":476,"column":0},"end":{"line":476,"column":70}},"476":{"start":{"line":477,"column":0},"end":{"line":477,"column":67}},"477":{"start":{"line":478,"column":0},"end":{"line":478,"column":34}},"478":{"start":{"line":479,"column":0},"end":{"line":479,"column":86}},"479":{"start":{"line":480,"column":0},"end":{"line":480,"column":70}},"480":{"start":{"line":481,"column":0},"end":{"line":481,"column":60}},"481":{"start":{"line":482,"column":0},"end":{"line":482,"column":34}},"482":{"start":{"line":483,"column":0},"end":{"line":483,"column":30}},"483":{"start":{"line":484,"column":0},"end":{"line":484,"column":59}},"484":{"start":{"line":485,"column":0},"end":{"line":485,"column":69}},"485":{"start":{"line":486,"column":0},"end":{"line":486,"column":59}},"486":{"start":{"line":487,"column":0},"end":{"line":487,"column":34}},"487":{"start":{"line":488,"column":0},"end":{"line":488,"column":68}},"488":{"start":{"line":489,"column":0},"end":{"line":489,"column":63}},"489":{"start":{"line":490,"column":0},"end":{"line":490,"column":105}},"490":{"start":{"line":491,"column":0},"end":{"line":491,"column":34}},"491":{"start":{"line":492,"column":0},"end":{"line":492,"column":58}},"492":{"start":{"line":493,"column":0},"end":{"line":493,"column":90}},"493":{"start":{"line":494,"column":0},"end":{"line":494,"column":79}},"494":{"start":{"line":495,"column":0},"end":{"line":495,"column":105}},"495":{"start":{"line":496,"column":0},"end":{"line":496,"column":105}},"496":{"start":{"line":497,"column":0},"end":{"line":497,"column":46}},"497":{"start":{"line":498,"column":0},"end":{"line":498,"column":131}},"498":{"start":{"line":499,"column":0},"end":{"line":499,"column":42}},"499":{"start":{"line":500,"column":0},"end":{"line":500,"column":35}},"500":{"start":{"line":501,"column":0},"end":{"line":501,"column":34}},"501":{"start":{"line":502,"column":0},"end":{"line":502,"column":30}},"502":{"start":{"line":503,"column":0},"end":{"line":503,"column":80}},"503":{"start":{"line":504,"column":0},"end":{"line":504,"column":52}},"504":{"start":{"line":505,"column":0},"end":{"line":505,"column":77}},"505":{"start":{"line":506,"column":0},"end":{"line":506,"column":69}},"506":{"start":{"line":507,"column":0},"end":{"line":507,"column":73}},"507":{"start":{"line":508,"column":0},"end":{"line":508,"column":117}},"508":{"start":{"line":509,"column":0},"end":{"line":509,"column":40}},"509":{"start":{"line":510,"column":0},"end":{"line":510,"column":43}},"510":{"start":{"line":511,"column":0},"end":{"line":511,"column":51}},"511":{"start":{"line":512,"column":0},"end":{"line":512,"column":53}},"512":{"start":{"line":513,"column":0},"end":{"line":513,"column":180}},"513":{"start":{"line":514,"column":0},"end":{"line":514,"column":74}},"514":{"start":{"line":515,"column":0},"end":{"line":515,"column":37}},"515":{"start":{"line":516,"column":0},"end":{"line":516,"column":98}},"516":{"start":{"line":517,"column":0},"end":{"line":517,"column":94}},"517":{"start":{"line":518,"column":0},"end":{"line":518,"column":109}},"518":{"start":{"line":519,"column":0},"end":{"line":519,"column":45}},"519":{"start":{"line":520,"column":0},"end":{"line":520,"column":34}},"520":{"start":{"line":521,"column":0},"end":{"line":521,"column":31}},"521":{"start":{"line":522,"column":0},"end":{"line":522,"column":30}},"522":{"start":{"line":523,"column":0},"end":{"line":523,"column":26}},"523":{"start":{"line":524,"column":0},"end":{"line":524,"column":24}},"524":{"start":{"line":525,"column":0},"end":{"line":525,"column":46}},"525":{"start":{"line":526,"column":0},"end":{"line":526,"column":57}},"526":{"start":{"line":527,"column":0},"end":{"line":527,"column":31}},"527":{"start":{"line":528,"column":0},"end":{"line":528,"column":50}},"528":{"start":{"line":529,"column":0},"end":{"line":529,"column":41}},"529":{"start":{"line":530,"column":0},"end":{"line":530,"column":58}},"530":{"start":{"line":531,"column":0},"end":{"line":531,"column":48}},"531":{"start":{"line":532,"column":0},"end":{"line":532,"column":25}},"532":{"start":{"line":533,"column":0},"end":{"line":533,"column":61}},"533":{"start":{"line":534,"column":0},"end":{"line":534,"column":73}},"534":{"start":{"line":535,"column":0},"end":{"line":535,"column":33}},"535":{"start":{"line":536,"column":0},"end":{"line":536,"column":40}},"536":{"start":{"line":537,"column":0},"end":{"line":537,"column":89}},"537":{"start":{"line":538,"column":0},"end":{"line":538,"column":107}},"538":{"start":{"line":539,"column":0},"end":{"line":539,"column":65}},"539":{"start":{"line":540,"column":0},"end":{"line":540,"column":62}},"540":{"start":{"line":541,"column":0},"end":{"line":541,"column":82}},"541":{"start":{"line":542,"column":0},"end":{"line":542,"column":92}},"542":{"start":{"line":543,"column":0},"end":{"line":543,"column":48}},"543":{"start":{"line":544,"column":0},"end":{"line":544,"column":51}},"544":{"start":{"line":545,"column":0},"end":{"line":545,"column":67}},"545":{"start":{"line":546,"column":0},"end":{"line":546,"column":61}},"546":{"start":{"line":547,"column":0},"end":{"line":547,"column":120}},"547":{"start":{"line":548,"column":0},"end":{"line":548,"column":64}},"548":{"start":{"line":549,"column":0},"end":{"line":549,"column":77}},"549":{"start":{"line":550,"column":0},"end":{"line":550,"column":73}},"550":{"start":{"line":551,"column":0},"end":{"line":551,"column":50}},"551":{"start":{"line":552,"column":0},"end":{"line":552,"column":45}},"552":{"start":{"line":553,"column":0},"end":{"line":553,"column":82}},"553":{"start":{"line":554,"column":0},"end":{"line":554,"column":108}},"554":{"start":{"line":555,"column":0},"end":{"line":555,"column":119}},"555":{"start":{"line":556,"column":0},"end":{"line":556,"column":55}},"556":{"start":{"line":557,"column":0},"end":{"line":557,"column":103}},"557":{"start":{"line":558,"column":0},"end":{"line":558,"column":53}},"558":{"start":{"line":559,"column":0},"end":{"line":559,"column":42}},"559":{"start":{"line":560,"column":0},"end":{"line":560,"column":39}},"560":{"start":{"line":561,"column":0},"end":{"line":561,"column":38}},"561":{"start":{"line":562,"column":0},"end":{"line":562,"column":34}},"562":{"start":{"line":563,"column":0},"end":{"line":563,"column":26}},"563":{"start":{"line":564,"column":0},"end":{"line":564,"column":26}},"564":{"start":{"line":565,"column":0},"end":{"line":565,"column":0}},"565":{"start":{"line":566,"column":0},"end":{"line":566,"column":49}},"566":{"start":{"line":567,"column":0},"end":{"line":567,"column":58}},"567":{"start":{"line":568,"column":0},"end":{"line":568,"column":93}},"568":{"start":{"line":569,"column":0},"end":{"line":569,"column":92}},"569":{"start":{"line":570,"column":0},"end":{"line":570,"column":30}},"570":{"start":{"line":571,"column":0},"end":{"line":571,"column":58}},"571":{"start":{"line":572,"column":0},"end":{"line":572,"column":92}},"572":{"start":{"line":573,"column":0},"end":{"line":573,"column":85}},"573":{"start":{"line":574,"column":0},"end":{"line":574,"column":30}},"574":{"start":{"line":575,"column":0},"end":{"line":575,"column":26}},"575":{"start":{"line":576,"column":0},"end":{"line":576,"column":77}},"576":{"start":{"line":577,"column":0},"end":{"line":577,"column":0}},"577":{"start":{"line":578,"column":0},"end":{"line":578,"column":55}},"578":{"start":{"line":579,"column":0},"end":{"line":579,"column":67}},"579":{"start":{"line":580,"column":0},"end":{"line":580,"column":111}},"580":{"start":{"line":581,"column":0},"end":{"line":581,"column":26}},"581":{"start":{"line":582,"column":0},"end":{"line":582,"column":26}},"582":{"start":{"line":583,"column":0},"end":{"line":583,"column":18}},"583":{"start":{"line":584,"column":0},"end":{"line":584,"column":14}},"584":{"start":{"line":585,"column":0},"end":{"line":585,"column":6}},"585":{"start":{"line":586,"column":0},"end":{"line":586,"column":2}},"586":{"start":{"line":587,"column":0},"end":{"line":587,"column":0}},"587":{"start":{"line":588,"column":0},"end":{"line":588,"column":28}}},"s":{"0":1,"1":1,"2":1,"3":1,"4":1,"5":1,"6":1,"7":1,"8":1,"9":1,"10":1,"11":1,"12":1,"13":1,"14":1,"15":1,"16":1,"17":1,"18":1,"19":1,"20":1,"21":1,"22":1,"23":1,"24":0,"25":0,"26":0,"27":0,"28":0,"29":0,"30":0,"31":1,"32":0,"33":0,"34":0,"35":0,"36":0,"37":0,"38":0,"39":0,"40":0,"41":0,"42":0,"43":0,"44":1,"45":0,"46":0,"47":0,"48":0,"49":0,"50":0,"51":1,"52":1,"53":1,"54":5,"55":5,"56":5,"57":5,"58":5,"59":5,"60":5,"61":5,"62":5,"63":5,"64":5,"65":5,"66":5,"67":5,"68":5,"69":5,"70":5,"71":5,"72":5,"73":5,"74":5,"75":5,"76":5,"77":5,"78":5,"79":5,"80":5,"81":5,"82":5,"83":5,"84":5,"85":0,"86":5,"87":5,"88":5,"89":3,"90":5,"91":5,"92":5,"93":5,"94":5,"95":5,"96":5,"97":3,"98":5,"99":5,"100":5,"101":3,"102":0,"103":0,"104":0,"105":0,"106":0,"107":0,"108":0,"109":0,"110":5,"111":5,"112":5,"113":0,"114":0,"115":0,"116":0,"117":0,"118":0,"119":0,"120":5,"121":5,"122":5,"123":8,"124":0,"125":0,"126":0,"127":0,"128":0,"129":0,"130":8,"131":8,"132":8,"133":8,"134":1,"135":1,"136":1,"137":5,"138":5,"139":5,"140":4,"141":4,"142":4,"143":4,"144":4,"145":4,"146":4,"147":2,"148":2,"149":2,"150":0,"151":0,"152":0,"153":0,"154":0,"155":0,"156":0,"157":0,"158":0,"159":0,"160":0,"161":0,"162":0,"163":0,"164":0,"165":0,"166":0,"167":0,"168":0,"169":0,"170":0,"171":0,"172":0,"173":0,"174":0,"175":0,"176":0,"177":0,"178":0,"179":0,"180":0,"181":0,"182":0,"183":0,"184":0,"185":0,"186":0,"187":0,"188":0,"189":0,"190":0,"191":0,"192":0,"193":0,"194":0,"195":0,"196":0,"197":0,"198":0,"199":0,"200":0,"201":0,"202":0,"203":0,"204":0,"205":0,"206":0,"207":0,"208":0,"209":0,"210":0,"211":0,"212":0,"213":0,"214":0,"215":0,"216":0,"217":0,"218":0,"219":0,"220":0,"221":0,"222":0,"223":0,"224":0,"225":0,"226":0,"227":0,"228":0,"229":0,"230":2,"231":2,"232":2,"233":4,"234":4,"235":4,"236":4,"237":0,"238":4,"239":0,"240":0,"241":4,"242":0,"243":0,"244":5,"245":5,"246":5,"247":5,"248":0,"249":0,"250":0,"251":5,"252":5,"253":3,"254":3,"255":3,"256":2,"257":2,"258":2,"259":2,"260":5,"261":5,"262":5,"263":5,"264":2,"265":2,"266":0,"267":0,"268":0,"269":0,"270":2,"271":2,"272":2,"273":5,"274":5,"275":5,"276":3,"277":3,"278":3,"279":3,"280":3,"281":3,"282":3,"283":3,"284":3,"285":0,"286":0,"287":3,"288":5,"289":5,"290":5,"291":0,"292":0,"293":0,"294":0,"295":0,"296":0,"297":5,"298":5,"299":5,"300":2,"301":0,"302":0,"303":0,"304":0,"305":0,"306":0,"307":0,"308":0,"309":0,"310":0,"311":0,"312":0,"313":0,"314":0,"315":0,"316":2,"317":2,"318":0,"319":0,"320":0,"321":2,"322":2,"323":2,"324":2,"325":2,"326":2,"327":2,"328":2,"329":2,"330":2,"331":2,"332":2,"333":2,"334":2,"335":2,"336":2,"337":2,"338":2,"339":0,"340":0,"341":2,"342":2,"343":2,"344":2,"345":2,"346":2,"347":2,"348":2,"349":0,"350":0,"351":0,"352":2,"353":0,"354":0,"355":0,"356":0,"357":0,"358":0,"359":0,"360":0,"361":0,"362":0,"363":0,"364":0,"365":0,"366":0,"367":0,"368":0,"369":0,"370":0,"371":0,"372":0,"373":5,"374":5,"375":5,"376":5,"377":5,"378":5,"379":5,"380":5,"381":5,"382":5,"383":5,"384":5,"385":3,"386":3,"387":3,"388":3,"389":5,"390":5,"391":5,"392":5,"393":5,"394":5,"395":3,"396":3,"397":3,"398":3,"399":3,"400":3,"401":3,"402":3,"403":30,"404":30,"405":27,"406":24,"407":24,"408":30,"409":30,"410":3,"411":5,"412":5,"413":5,"414":5,"415":5,"416":5,"417":5,"418":5,"419":5,"420":5,"421":5,"422":5,"423":5,"424":5,"425":5,"426":5,"427":5,"428":5,"429":5,"430":5,"431":5,"432":5,"433":5,"434":5,"435":5,"436":5,"437":5,"438":5,"439":5,"440":5,"441":5,"442":5,"443":5,"444":5,"445":5,"446":5,"447":5,"448":5,"449":5,"450":5,"451":5,"452":5,"453":5,"454":5,"455":5,"456":5,"457":5,"458":5,"459":5,"460":5,"461":5,"462":5,"463":5,"464":5,"465":5,"466":5,"467":5,"468":5,"469":5,"470":5,"471":5,"472":5,"473":5,"474":5,"475":5,"476":5,"477":5,"478":5,"479":5,"480":5,"481":5,"482":5,"483":5,"484":5,"485":5,"486":5,"487":5,"488":5,"489":5,"490":5,"491":5,"492":0,"493":0,"494":0,"495":0,"496":0,"497":0,"498":0,"499":5,"500":5,"501":5,"502":5,"503":5,"504":50,"505":50,"506":50,"507":50,"508":50,"509":50,"510":50,"511":50,"512":50,"513":50,"514":50,"515":50,"516":50,"517":50,"518":50,"519":50,"520":5,"521":5,"522":5,"523":5,"524":5,"525":5,"526":5,"527":5,"528":5,"529":5,"530":5,"531":5,"532":5,"533":5,"534":5,"535":5,"536":0,"537":0,"538":0,"539":0,"540":0,"541":0,"542":0,"543":0,"544":0,"545":0,"546":0,"547":0,"548":0,"549":0,"550":0,"551":0,"552":0,"553":0,"554":0,"555":0,"556":0,"557":0,"558":0,"559":0,"560":0,"561":0,"562":5,"563":5,"564":5,"565":5,"566":5,"567":5,"568":5,"569":5,"570":5,"571":5,"572":5,"573":5,"574":5,"575":5,"576":5,"577":5,"578":5,"579":5,"580":5,"581":5,"582":5,"583":5,"584":5,"585":5,"586":1,"587":1},"branchMap":{"0":{"type":"branch","line":8,"loc":{"start":{"line":8,"column":42},"end":{"line":8,"column":53}},"locations":[{"start":{"line":8,"column":42},"end":{"line":8,"column":53}}]},"1":{"type":"branch","line":54,"loc":{"start":{"line":54,"column":31},"end":{"line":586,"column":2}},"locations":[{"start":{"line":54,"column":31},"end":{"line":586,"column":2}}]},"2":{"type":"branch","line":83,"loc":{"start":{"line":83,"column":65},"end":{"line":83,"column":79}},"locations":[{"start":{"line":83,"column":65},"end":{"line":83,"column":79}}]},"3":{"type":"branch","line":431,"loc":{"start":{"line":431,"column":47},"end":{"line":431,"column":106}},"locations":[{"start":{"line":431,"column":47},"end":{"line":431,"column":106}}]},"4":{"type":"branch","line":431,"loc":{"start":{"line":431,"column":63},"end":{"line":431,"column":85}},"locations":[{"start":{"line":431,"column":63},"end":{"line":431,"column":85}}]},"5":{"type":"branch","line":431,"loc":{"start":{"line":431,"column":107},"end":{"line":431,"column":128}},"locations":[{"start":{"line":431,"column":107},"end":{"line":431,"column":128}}]},"6":{"type":"branch","line":437,"loc":{"start":{"line":437,"column":66},"end":{"line":437,"column":93}},"locations":[{"start":{"line":437,"column":66},"end":{"line":437,"column":93}}]},"7":{"type":"branch","line":437,"loc":{"start":{"line":437,"column":94},"end":{"line":437,"column":98}},"locations":[{"start":{"line":437,"column":94},"end":{"line":437,"column":98}}]},"8":{"type":"branch","line":440,"loc":{"start":{"line":440,"column":39},"end":{"line":440,"column":64}},"locations":[{"start":{"line":440,"column":39},"end":{"line":440,"column":64}}]},"9":{"type":"branch","line":440,"loc":{"start":{"line":440,"column":65},"end":{"line":440,"column":91}},"locations":[{"start":{"line":440,"column":65},"end":{"line":440,"column":91}}]},"10":{"type":"branch","line":456,"loc":{"start":{"line":456,"column":59},"end":{"line":456,"column":73}},"locations":[{"start":{"line":456,"column":59},"end":{"line":456,"column":73}}]},"11":{"type":"branch","line":464,"loc":{"start":{"line":464,"column":61},"end":{"line":464,"column":86}},"locations":[{"start":{"line":464,"column":61},"end":{"line":464,"column":86}}]},"12":{"type":"branch","line":536,"loc":{"start":{"line":536,"column":35},"end":{"line":562,"column":34}},"locations":[{"start":{"line":536,"column":35},"end":{"line":562,"column":34}}]},"13":{"type":"branch","line":580,"loc":{"start":{"line":580,"column":57},"end":{"line":580,"column":82}},"locations":[{"start":{"line":580,"column":57},"end":{"line":580,"column":82}}]},"14":{"type":"branch","line":83,"loc":{"start":{"line":83,"column":38},"end":{"line":83,"column":64}},"locations":[{"start":{"line":83,"column":38},"end":{"line":83,"column":64}}]},"15":{"type":"branch","line":89,"loc":{"start":{"line":89,"column":14},"end":{"line":91,"column":5}},"locations":[{"start":{"line":89,"column":14},"end":{"line":91,"column":5}}]},"16":{"type":"branch","line":93,"loc":{"start":{"line":93,"column":14},"end":{"line":95,"column":5}},"locations":[{"start":{"line":93,"column":14},"end":{"line":95,"column":5}}]},"17":{"type":"branch","line":97,"loc":{"start":{"line":97,"column":14},"end":{"line":99,"column":5}},"locations":[{"start":{"line":97,"column":14},"end":{"line":99,"column":5}}]},"18":{"type":"branch","line":101,"loc":{"start":{"line":101,"column":14},"end":{"line":111,"column":5}},"locations":[{"start":{"line":101,"column":14},"end":{"line":111,"column":5}}]},"19":{"type":"branch","line":103,"loc":{"start":{"line":103,"column":-1},"end":{"line":111,"column":5}},"locations":[{"start":{"line":103,"column":-1},"end":{"line":111,"column":5}}]},"20":{"type":"branch","line":123,"loc":{"start":{"line":123,"column":39},"end":{"line":138,"column":5}},"locations":[{"start":{"line":123,"column":39},"end":{"line":138,"column":5}}]},"21":{"type":"branch","line":124,"loc":{"start":{"line":124,"column":33},"end":{"line":124,"column":49}},"locations":[{"start":{"line":124,"column":33},"end":{"line":124,"column":49}}]},"22":{"type":"branch","line":124,"loc":{"start":{"line":124,"column":51},"end":{"line":131,"column":9}},"locations":[{"start":{"line":124,"column":51},"end":{"line":131,"column":9}}]},"23":{"type":"branch","line":134,"loc":{"start":{"line":134,"column":32},"end":{"line":137,"column":9}},"locations":[{"start":{"line":134,"column":32},"end":{"line":137,"column":9}}]},"24":{"type":"branch","line":140,"loc":{"start":{"line":140,"column":40},"end":{"line":245,"column":5}},"locations":[{"start":{"line":140,"column":40},"end":{"line":245,"column":5}}]},"25":{"type":"branch","line":142,"loc":{"start":{"line":142,"column":18},"end":{"line":142,"column":25}},"locations":[{"start":{"line":142,"column":18},"end":{"line":142,"column":25}}]},"26":{"type":"branch","line":147,"loc":{"start":{"line":147,"column":49},"end":{"line":233,"column":9}},"locations":[{"start":{"line":147,"column":49},"end":{"line":233,"column":9}}]},"27":{"type":"branch","line":237,"loc":{"start":{"line":237,"column":37},"end":{"line":237,"column":67}},"locations":[{"start":{"line":237,"column":37},"end":{"line":237,"column":67}}]},"28":{"type":"branch","line":237,"loc":{"start":{"line":237,"column":69},"end":{"line":239,"column":13}},"locations":[{"start":{"line":237,"column":69},"end":{"line":239,"column":13}}]},"29":{"type":"branch","line":239,"loc":{"start":{"line":239,"column":45},"end":{"line":239,"column":49}},"locations":[{"start":{"line":239,"column":45},"end":{"line":239,"column":49}}]},"30":{"type":"branch","line":239,"loc":{"start":{"line":239,"column":51},"end":{"line":241,"column":13}},"locations":[{"start":{"line":239,"column":51},"end":{"line":241,"column":13}}]},"31":{"type":"branch","line":242,"loc":{"start":{"line":242,"column":10},"end":{"line":244,"column":9}},"locations":[{"start":{"line":242,"column":10},"end":{"line":244,"column":9}}]},"32":{"type":"branch","line":247,"loc":{"start":{"line":247,"column":14},"end":{"line":261,"column":5}},"locations":[{"start":{"line":247,"column":14},"end":{"line":261,"column":5}}]},"33":{"type":"branch","line":248,"loc":{"start":{"line":248,"column":27},"end":{"line":251,"column":9}},"locations":[{"start":{"line":248,"column":27},"end":{"line":251,"column":9}}]},"34":{"type":"branch","line":253,"loc":{"start":{"line":253,"column":24},"end":{"line":256,"column":9}},"locations":[{"start":{"line":253,"column":24},"end":{"line":256,"column":9}}]},"35":{"type":"branch","line":257,"loc":{"start":{"line":257,"column":-1},"end":{"line":261,"column":5}},"locations":[{"start":{"line":257,"column":-1},"end":{"line":261,"column":5}}]},"36":{"type":"branch","line":260,"loc":{"start":{"line":260,"column":15},"end":{"line":260,"column":37}},"locations":[{"start":{"line":260,"column":15},"end":{"line":260,"column":37}}]},"37":{"type":"branch","line":263,"loc":{"start":{"line":263,"column":14},"end":{"line":274,"column":6}},"locations":[{"start":{"line":263,"column":14},"end":{"line":274,"column":6}}]},"38":{"type":"branch","line":264,"loc":{"start":{"line":264,"column":24},"end":{"line":264,"column":41}},"locations":[{"start":{"line":264,"column":24},"end":{"line":264,"column":41}}]},"39":{"type":"branch","line":265,"loc":{"start":{"line":265,"column":-1},"end":{"line":274,"column":6}},"locations":[{"start":{"line":265,"column":-1},"end":{"line":274,"column":6}}]},"40":{"type":"branch","line":273,"loc":{"start":{"line":273,"column":16},"end":{"line":273,"column":52}},"locations":[{"start":{"line":273,"column":16},"end":{"line":273,"column":52}}]},"41":{"type":"branch","line":276,"loc":{"start":{"line":276,"column":14},"end":{"line":289,"column":5}},"locations":[{"start":{"line":276,"column":14},"end":{"line":289,"column":5}}]},"42":{"type":"branch","line":277,"loc":{"start":{"line":277,"column":15},"end":{"line":288,"column":9}},"locations":[{"start":{"line":277,"column":15},"end":{"line":288,"column":9}}]},"43":{"type":"branch","line":280,"loc":{"start":{"line":280,"column":30},"end":{"line":280,"column":47}},"locations":[{"start":{"line":280,"column":30},"end":{"line":280,"column":47}}]},"44":{"type":"branch","line":285,"loc":{"start":{"line":285,"column":14},"end":{"line":287,"column":13}},"locations":[{"start":{"line":285,"column":14},"end":{"line":287,"column":13}}]},"45":{"type":"branch","line":300,"loc":{"start":{"line":300,"column":38},"end":{"line":374,"column":5}},"locations":[{"start":{"line":300,"column":38},"end":{"line":374,"column":5}}]},"46":{"type":"branch","line":301,"loc":{"start":{"line":301,"column":23},"end":{"line":316,"column":9}},"locations":[{"start":{"line":301,"column":23},"end":{"line":316,"column":9}}]},"47":{"type":"branch","line":318,"loc":{"start":{"line":318,"column":27},"end":{"line":321,"column":9}},"locations":[{"start":{"line":318,"column":27},"end":{"line":321,"column":9}}]},"48":{"type":"branch","line":339,"loc":{"start":{"line":339,"column":2},"end":{"line":341,"column":9}},"locations":[{"start":{"line":339,"column":2},"end":{"line":341,"column":9}}]},"49":{"type":"branch","line":349,"loc":{"start":{"line":349,"column":28},"end":{"line":352,"column":9}},"locations":[{"start":{"line":349,"column":28},"end":{"line":352,"column":9}}]},"50":{"type":"branch","line":353,"loc":{"start":{"line":353,"column":41},"end":{"line":373,"column":9}},"locations":[{"start":{"line":353,"column":41},"end":{"line":373,"column":9}}]},"51":{"type":"branch","line":377,"loc":{"start":{"line":377,"column":8},"end":{"line":377,"column":55}},"locations":[{"start":{"line":377,"column":8},"end":{"line":377,"column":55}}]},"52":{"type":"branch","line":381,"loc":{"start":{"line":381,"column":8},"end":{"line":381,"column":72}},"locations":[{"start":{"line":381,"column":8},"end":{"line":381,"column":72}}]},"53":{"type":"branch","line":385,"loc":{"start":{"line":385,"column":32},"end":{"line":390,"column":5}},"locations":[{"start":{"line":385,"column":32},"end":{"line":390,"column":5}}]},"54":{"type":"branch","line":386,"loc":{"start":{"line":386,"column":50},"end":{"line":386,"column":57}},"locations":[{"start":{"line":386,"column":50},"end":{"line":386,"column":57}}]},"55":{"type":"branch","line":392,"loc":{"start":{"line":392,"column":8},"end":{"line":392,"column":129}},"locations":[{"start":{"line":392,"column":8},"end":{"line":392,"column":129}}]},"56":{"type":"branch","line":392,"loc":{"start":{"line":392,"column":30},"end":{"line":392,"column":109}},"locations":[{"start":{"line":392,"column":30},"end":{"line":392,"column":109}}]},"57":{"type":"branch","line":395,"loc":{"start":{"line":395,"column":31},"end":{"line":412,"column":5}},"locations":[{"start":{"line":395,"column":31},"end":{"line":412,"column":5}}]},"58":{"type":"branch","line":399,"loc":{"start":{"line":399,"column":41},"end":{"line":399,"column":46}},"locations":[{"start":{"line":399,"column":41},"end":{"line":399,"column":46}}]},"59":{"type":"branch","line":400,"loc":{"start":{"line":400,"column":47},"end":{"line":400,"column":70}},"locations":[{"start":{"line":400,"column":47},"end":{"line":400,"column":70}}]},"60":{"type":"branch","line":400,"loc":{"start":{"line":400,"column":70},"end":{"line":400,"column":75}},"locations":[{"start":{"line":400,"column":70},"end":{"line":400,"column":75}}]},"61":{"type":"branch","line":401,"loc":{"start":{"line":401,"column":41},"end":{"line":401,"column":46}},"locations":[{"start":{"line":401,"column":41},"end":{"line":401,"column":46}}]},"62":{"type":"branch","line":402,"loc":{"start":{"line":402,"column":47},"end":{"line":402,"column":71}},"locations":[{"start":{"line":402,"column":47},"end":{"line":402,"column":71}}]},"63":{"type":"branch","line":402,"loc":{"start":{"line":402,"column":71},"end":{"line":402,"column":76}},"locations":[{"start":{"line":402,"column":71},"end":{"line":402,"column":76}}]},"64":{"type":"branch","line":396,"loc":{"start":{"line":396,"column":33},"end":{"line":396,"column":82}},"locations":[{"start":{"line":396,"column":33},"end":{"line":396,"column":82}}]},"65":{"type":"branch","line":397,"loc":{"start":{"line":397,"column":42},"end":{"line":397,"column":90}},"locations":[{"start":{"line":397,"column":42},"end":{"line":397,"column":90}}]},"66":{"type":"branch","line":398,"loc":{"start":{"line":398,"column":43},"end":{"line":398,"column":91}},"locations":[{"start":{"line":398,"column":43},"end":{"line":398,"column":91}}]},"67":{"type":"branch","line":403,"loc":{"start":{"line":403,"column":53},"end":{"line":411,"column":9}},"locations":[{"start":{"line":403,"column":53},"end":{"line":411,"column":9}}]},"68":{"type":"branch","line":405,"loc":{"start":{"line":405,"column":31},"end":{"line":405,"column":39}},"locations":[{"start":{"line":405,"column":31},"end":{"line":405,"column":39}}]},"69":{"type":"branch","line":405,"loc":{"start":{"line":405,"column":40},"end":{"line":409,"column":24}},"locations":[{"start":{"line":405,"column":40},"end":{"line":409,"column":24}}]},"70":{"type":"branch","line":406,"loc":{"start":{"line":406,"column":37},"end":{"line":406,"column":45}},"locations":[{"start":{"line":406,"column":37},"end":{"line":406,"column":45}}]},"71":{"type":"branch","line":406,"loc":{"start":{"line":406,"column":46},"end":{"line":409,"column":24}},"locations":[{"start":{"line":406,"column":46},"end":{"line":409,"column":24}}]},"72":{"type":"branch","line":407,"loc":{"start":{"line":407,"column":38},"end":{"line":407,"column":49}},"locations":[{"start":{"line":407,"column":38},"end":{"line":407,"column":49}}]},"73":{"type":"branch","line":408,"loc":{"start":{"line":408,"column":32},"end":{"line":408,"column":43}},"locations":[{"start":{"line":408,"column":32},"end":{"line":408,"column":43}}]},"74":{"type":"branch","line":504,"loc":{"start":{"line":504,"column":40},"end":{"line":521,"column":29}},"locations":[{"start":{"line":504,"column":40},"end":{"line":521,"column":29}}]},"75":{"type":"branch","line":508,"loc":{"start":{"line":508,"column":112},"end":{"line":508,"column":116}},"locations":[{"start":{"line":508,"column":112},"end":{"line":508,"column":116}}]},"76":{"type":"branch","line":513,"loc":{"start":{"line":513,"column":81},"end":{"line":513,"column":112}},"locations":[{"start":{"line":513,"column":81},"end":{"line":513,"column":112}}]},"77":{"type":"branch","line":513,"loc":{"start":{"line":513,"column":130},"end":{"line":513,"column":160}},"locations":[{"start":{"line":513,"column":130},"end":{"line":513,"column":160}}]},"78":{"type":"branch","line":516,"loc":{"start":{"line":516,"column":50},"end":{"line":516,"column":97}},"locations":[{"start":{"line":516,"column":50},"end":{"line":516,"column":97}}]}},"b":{"0":[10],"1":[5],"2":[0],"3":[2],"4":[0],"5":[3],"6":[2],"7":[3],"8":[2],"9":[3],"10":[0],"11":[0],"12":[0],"13":[0],"14":[5],"15":[3],"16":[5],"17":[3],"18":[3],"19":[0],"20":[8],"21":[0],"22":[0],"23":[1],"24":[4],"25":[0],"26":[2],"27":[0],"28":[0],"29":[0],"30":[0],"31":[0],"32":[5],"33":[0],"34":[3],"35":[2],"36":[2],"37":[5],"38":[3],"39":[2],"40":[2],"41":[3],"42":[3],"43":[0],"44":[0],"45":[2],"46":[0],"47":[0],"48":[0],"49":[0],"50":[0],"51":[3],"52":[3],"53":[3],"54":[30],"55":[3],"56":[0],"57":[3],"58":[0],"59":[0],"60":[0],"61":[0],"62":[0],"63":[0],"64":[30],"65":[27],"66":[27],"67":[30],"68":[3],"69":[27],"70":[3],"71":[24],"72":[0],"73":[0],"74":[50],"75":[0],"76":[0],"77":[0],"78":[0]},"fnMap":{"0":{"name":"getDecimalPlaces","decl":{"start":{"line":25,"column":0},"end":{"line":31,"column":1}},"loc":{"start":{"line":25,"column":0},"end":{"line":31,"column":1}},"line":25},"1":{"name":"formatQuote","decl":{"start":{"line":33,"column":0},"end":{"line":44,"column":1}},"loc":{"start":{"line":33,"column":0},"end":{"line":44,"column":1}},"line":33},"2":{"name":"getLastDigit","decl":{"start":{"line":46,"column":0},"end":{"line":51,"column":1}},"loc":{"start":{"line":46,"column":0},"end":{"line":51,"column":1}},"line":46},"3":{"name":"DigitMatcher","decl":{"start":{"line":54,"column":31},"end":{"line":586,"column":2}},"loc":{"start":{"line":54,"column":31},"end":{"line":586,"column":2}},"line":54},"4":{"name":"handler","decl":{"start":{"line":103,"column":24},"end":{"line":108,"column":9}},"loc":{"start":{"line":103,"column":24},"end":{"line":108,"column":9}},"line":103},"5":{"name":"check","decl":{"start":{"line":266,"column":22},"end":{"line":271,"column":10}},"loc":{"start":{"line":266,"column":22},"end":{"line":271,"column":10}},"line":266},"6":{"name":"onChange","decl":{"start":{"line":450,"column":42},"end":{"line":450,"column":86}},"loc":{"start":{"line":450,"column":42},"end":{"line":450,"column":86}},"line":450},"7":{"name":"onClick","decl":{"start":{"line":514,"column":49},"end":{"line":514,"column":73}},"loc":{"start":{"line":514,"column":49},"end":{"line":514,"column":73}},"line":514}},"f":{"0":0,"1":0,"2":0,"3":5,"4":0,"5":0,"6":0,"7":0}}
,"/workspaces/creation/src/constants/contract-stage.ts": {"path":"/workspaces/creation/src/constants/contract-stage.ts","all":false,"statementMap":{"0":{"start":{"line":1,"column":0},"end":{"line":1,"column":55}},"1":{"start":{"line":2,"column":0},"end":{"line":2,"column":0}},"2":{"start":{"line":3,"column":0},"end":{"line":3,"column":46}},"3":{"start":{"line":4,"column":0},"end":{"line":4,"column":19}},"4":{"start":{"line":5,"column":0},"end":{"line":5,"column":16}},"5":{"start":{"line":6,"column":0},"end":{"line":6,"column":15}},"6":{"start":{"line":7,"column":0},"end":{"line":7,"column":21}},"7":{"start":{"line":8,"column":0},"end":{"line":8,"column":25}},"8":{"start":{"line":9,"column":0},"end":{"line":9,"column":19}},"9":{"start":{"line":10,"column":0},"end":{"line":10,"column":23}},"10":{"start":{"line":11,"column":0},"end":{"line":11,"column":3}}},"s":{"0":1,"1":1,"2":1,"3":1,"4":1,"5":1,"6":1,"7":1,"8":1,"9":1,"10":1},"branchMap":{},"b":{},"fnMap":{},"f":{}}
}
