{"/home/runner/workspace/src/components/layout/header/account-switcher.tsx": {"path":"/home/runner/workspace/src/components/layout/header/account-switcher.tsx","all":false,"statementMap":{"0":{"start":{"line":1,"column":0},"end":{"line":1,"column":74}},"1":{"start":{"line":2,"column":0},"end":{"line":2,"column":36}},"2":{"start":{"line":3,"column":0},"end":{"line":3,"column":43}},"3":{"start":{"line":4,"column":0},"end":{"line":4,"column":89}},"4":{"start":{"line":5,"column":0},"end":{"line":5,"column":47}},"5":{"start":{"line":6,"column":0},"end":{"line":6,"column":73}},"6":{"start":{"line":7,"column":0},"end":{"line":7,"column":48}},"7":{"start":{"line":8,"column":0},"end":{"line":8,"column":66}},"8":{"start":{"line":9,"column":0},"end":{"line":9,"column":44}},"9":{"start":{"line":10,"column":0},"end":{"line":10,"column":56}},"10":{"start":{"line":11,"column":0},"end":{"line":11,"column":51}},"11":{"start":{"line":12,"column":0},"end":{"line":12,"column":50}},"12":{"start":{"line":13,"column":0},"end":{"line":13,"column":56}},"13":{"start":{"line":14,"column":0},"end":{"line":14,"column":33}},"14":{"start":{"line":15,"column":0},"end":{"line":15,"column":0}},"15":{"start":{"line":16,"column":0},"end":{"line":16,"column":75}},"16":{"start":{"line":17,"column":0},"end":{"line":17,"column":48}},"17":{"start":{"line":18,"column":0},"end":{"line":18,"column":52}},"18":{"start":{"line":19,"column":0},"end":{"line":19,"column":56}},"19":{"start":{"line":20,"column":0},"end":{"line":20,"column":51}},"20":{"start":{"line":21,"column":0},"end":{"line":21,"column":0}},"21":{"start":{"line":22,"column":0},"end":{"line":22,"column":81}},"22":{"start":{"line":23,"column":0},"end":{"line":23,"column":11}},"23":{"start":{"line":24,"column":0},"end":{"line":24,"column":26}},"24":{"start":{"line":25,"column":0},"end":{"line":25,"column":29}},"25":{"start":{"line":26,"column":0},"end":{"line":26,"column":25}},"26":{"start":{"line":27,"column":0},"end":{"line":27,"column":23}},"27":{"start":{"line":28,"column":0},"end":{"line":28,"column":25}},"28":{"start":{"line":29,"column":0},"end":{"line":29,"column":41}},"29":{"start":{"line":30,"column":0},"end":{"line":30,"column":0}},"30":{"start":{"line":31,"column":0},"end":{"line":31,"column":72}},"31":{"start":{"line":32,"column":0},"end":{"line":32,"column":68}},"32":{"start":{"line":33,"column":0},"end":{"line":33,"column":0}},"33":{"start":{"line":34,"column":0},"end":{"line":34,"column":21}},"34":{"start":{"line":35,"column":0},"end":{"line":35,"column":55}},"35":{"start":{"line":36,"column":0},"end":{"line":36,"column":87}},"36":{"start":{"line":37,"column":0},"end":{"line":37,"column":33}},"37":{"start":{"line":38,"column":0},"end":{"line":38,"column":13}},"38":{"start":{"line":39,"column":0},"end":{"line":39,"column":10}},"39":{"start":{"line":40,"column":0},"end":{"line":40,"column":53}},"40":{"start":{"line":41,"column":0},"end":{"line":41,"column":53}},"41":{"start":{"line":42,"column":0},"end":{"line":42,"column":10}},"42":{"start":{"line":43,"column":0},"end":{"line":43,"column":67}},"43":{"start":{"line":44,"column":0},"end":{"line":44,"column":60}},"44":{"start":{"line":45,"column":0},"end":{"line":45,"column":22}},"45":{"start":{"line":46,"column":0},"end":{"line":46,"column":74}},"46":{"start":{"line":47,"column":0},"end":{"line":47,"column":67}},"47":{"start":{"line":48,"column":0},"end":{"line":48,"column":10}},"48":{"start":{"line":49,"column":0},"end":{"line":49,"column":11}},"49":{"start":{"line":50,"column":0},"end":{"line":50,"column":0}},"50":{"start":{"line":51,"column":0},"end":{"line":51,"column":46}},"51":{"start":{"line":52,"column":0},"end":{"line":52,"column":54}},"52":{"start":{"line":53,"column":0},"end":{"line":53,"column":33}},"53":{"start":{"line":54,"column":0},"end":{"line":54,"column":42}},"54":{"start":{"line":55,"column":0},"end":{"line":55,"column":0}},"55":{"start":{"line":56,"column":0},"end":{"line":56,"column":44}},"56":{"start":{"line":57,"column":0},"end":{"line":57,"column":30}},"57":{"start":{"line":58,"column":0},"end":{"line":58,"column":60}},"58":{"start":{"line":59,"column":0},"end":{"line":59,"column":50}},"59":{"start":{"line":60,"column":0},"end":{"line":60,"column":29}},"60":{"start":{"line":61,"column":0},"end":{"line":61,"column":10}},"61":{"start":{"line":62,"column":0},"end":{"line":62,"column":16}},"62":{"start":{"line":63,"column":0},"end":{"line":63,"column":6}},"63":{"start":{"line":64,"column":0},"end":{"line":64,"column":0}},"64":{"start":{"line":65,"column":0},"end":{"line":65,"column":87}},"65":{"start":{"line":66,"column":0},"end":{"line":66,"column":45}},"66":{"start":{"line":67,"column":0},"end":{"line":67,"column":88}},"67":{"start":{"line":68,"column":0},"end":{"line":68,"column":55}},"68":{"start":{"line":69,"column":0},"end":{"line":69,"column":109}},"69":{"start":{"line":70,"column":0},"end":{"line":70,"column":94}},"70":{"start":{"line":71,"column":0},"end":{"line":71,"column":13}},"71":{"start":{"line":72,"column":0},"end":{"line":72,"column":102}},"72":{"start":{"line":73,"column":0},"end":{"line":73,"column":10}},"73":{"start":{"line":74,"column":0},"end":{"line":74,"column":67}},"74":{"start":{"line":75,"column":0},"end":{"line":75,"column":6}},"75":{"start":{"line":76,"column":0},"end":{"line":76,"column":0}},"76":{"start":{"line":77,"column":0},"end":{"line":77,"column":45}},"77":{"start":{"line":78,"column":0},"end":{"line":78,"column":36}},"78":{"start":{"line":79,"column":0},"end":{"line":79,"column":26}},"79":{"start":{"line":80,"column":0},"end":{"line":80,"column":30}},"80":{"start":{"line":81,"column":0},"end":{"line":81,"column":41}},"81":{"start":{"line":82,"column":0},"end":{"line":82,"column":43}},"82":{"start":{"line":83,"column":0},"end":{"line":83,"column":55}},"83":{"start":{"line":84,"column":0},"end":{"line":84,"column":58}},"84":{"start":{"line":85,"column":0},"end":{"line":85,"column":60}},"85":{"start":{"line":86,"column":0},"end":{"line":86,"column":15}},"86":{"start":{"line":87,"column":0},"end":{"line":87,"column":68}},"87":{"start":{"line":88,"column":0},"end":{"line":88,"column":59}},"88":{"start":{"line":89,"column":0},"end":{"line":89,"column":0}},"89":{"start":{"line":90,"column":0},"end":{"line":90,"column":36}},"90":{"start":{"line":91,"column":0},"end":{"line":91,"column":0}},"91":{"start":{"line":92,"column":0},"end":{"line":92,"column":59}},"92":{"start":{"line":93,"column":0},"end":{"line":93,"column":60}},"93":{"start":{"line":94,"column":0},"end":{"line":94,"column":0}},"94":{"start":{"line":95,"column":0},"end":{"line":95,"column":81}},"95":{"start":{"line":96,"column":0},"end":{"line":96,"column":40}},"96":{"start":{"line":97,"column":0},"end":{"line":97,"column":81}},"97":{"start":{"line":98,"column":0},"end":{"line":98,"column":0}},"98":{"start":{"line":99,"column":0},"end":{"line":99,"column":26}},"99":{"start":{"line":100,"column":0},"end":{"line":100,"column":65}},"100":{"start":{"line":101,"column":0},"end":{"line":101,"column":85}},"101":{"start":{"line":102,"column":0},"end":{"line":102,"column":22}},"102":{"start":{"line":103,"column":0},"end":{"line":103,"column":0}},"103":{"start":{"line":104,"column":0},"end":{"line":104,"column":12}},"104":{"start":{"line":105,"column":0},"end":{"line":105,"column":60}},"105":{"start":{"line":106,"column":0},"end":{"line":106,"column":32}},"106":{"start":{"line":107,"column":0},"end":{"line":107,"column":20}},"107":{"start":{"line":108,"column":0},"end":{"line":108,"column":45}},"108":{"start":{"line":109,"column":0},"end":{"line":109,"column":54}},"109":{"start":{"line":110,"column":0},"end":{"line":110,"column":61}},"110":{"start":{"line":111,"column":0},"end":{"line":111,"column":51}},"111":{"start":{"line":112,"column":0},"end":{"line":112,"column":68}},"112":{"start":{"line":113,"column":0},"end":{"line":113,"column":71}},"113":{"start":{"line":114,"column":0},"end":{"line":114,"column":55}},"114":{"start":{"line":115,"column":0},"end":{"line":115,"column":58}},"115":{"start":{"line":116,"column":0},"end":{"line":116,"column":61}},"116":{"start":{"line":117,"column":0},"end":{"line":117,"column":23}},"117":{"start":{"line":118,"column":0},"end":{"line":118,"column":44}},"118":{"start":{"line":119,"column":0},"end":{"line":119,"column":37}},"119":{"start":{"line":120,"column":0},"end":{"line":120,"column":82}},"120":{"start":{"line":121,"column":0},"end":{"line":121,"column":47}},"121":{"start":{"line":122,"column":0},"end":{"line":122,"column":45}},"122":{"start":{"line":123,"column":0},"end":{"line":123,"column":25}},"123":{"start":{"line":124,"column":0},"end":{"line":124,"column":22}},"124":{"start":{"line":125,"column":0},"end":{"line":125,"column":17}},"125":{"start":{"line":126,"column":0},"end":{"line":126,"column":77}},"126":{"start":{"line":127,"column":0},"end":{"line":127,"column":55}},"127":{"start":{"line":128,"column":0},"end":{"line":128,"column":71}},"128":{"start":{"line":129,"column":0},"end":{"line":129,"column":86}},"129":{"start":{"line":130,"column":0},"end":{"line":130,"column":46}},"130":{"start":{"line":131,"column":0},"end":{"line":131,"column":81}},"131":{"start":{"line":132,"column":0},"end":{"line":132,"column":37}},"132":{"start":{"line":133,"column":0},"end":{"line":133,"column":81}},"133":{"start":{"line":134,"column":0},"end":{"line":134,"column":34}},"134":{"start":{"line":135,"column":0},"end":{"line":135,"column":35}},"135":{"start":{"line":136,"column":0},"end":{"line":136,"column":45}},"136":{"start":{"line":137,"column":0},"end":{"line":137,"column":37}},"137":{"start":{"line":138,"column":0},"end":{"line":138,"column":85}},"138":{"start":{"line":139,"column":0},"end":{"line":139,"column":81}},"139":{"start":{"line":140,"column":0},"end":{"line":140,"column":39}},"140":{"start":{"line":141,"column":0},"end":{"line":141,"column":33}},"141":{"start":{"line":142,"column":0},"end":{"line":142,"column":96}},"142":{"start":{"line":143,"column":0},"end":{"line":143,"column":45}},"143":{"start":{"line":144,"column":0},"end":{"line":144,"column":61}},"144":{"start":{"line":145,"column":0},"end":{"line":145,"column":65}},"145":{"start":{"line":146,"column":0},"end":{"line":146,"column":61}},"146":{"start":{"line":147,"column":0},"end":{"line":147,"column":65}},"147":{"start":{"line":148,"column":0},"end":{"line":148,"column":66}},"148":{"start":{"line":149,"column":0},"end":{"line":149,"column":42}},"149":{"start":{"line":150,"column":0},"end":{"line":150,"column":42}},"150":{"start":{"line":151,"column":0},"end":{"line":151,"column":39}},"151":{"start":{"line":152,"column":0},"end":{"line":152,"column":30}},"152":{"start":{"line":153,"column":0},"end":{"line":153,"column":30}},"153":{"start":{"line":154,"column":0},"end":{"line":154,"column":75}},"154":{"start":{"line":155,"column":0},"end":{"line":155,"column":71}},"155":{"start":{"line":156,"column":0},"end":{"line":156,"column":34}},"156":{"start":{"line":157,"column":0},"end":{"line":157,"column":60}},"157":{"start":{"line":158,"column":0},"end":{"line":158,"column":80}},"158":{"start":{"line":159,"column":0},"end":{"line":159,"column":98}},"159":{"start":{"line":160,"column":0},"end":{"line":160,"column":39}},"160":{"start":{"line":161,"column":0},"end":{"line":161,"column":33}},"161":{"start":{"line":162,"column":0},"end":{"line":162,"column":50}},"162":{"start":{"line":163,"column":0},"end":{"line":163,"column":93}},"163":{"start":{"line":164,"column":0},"end":{"line":164,"column":41}},"164":{"start":{"line":165,"column":0},"end":{"line":165,"column":95}},"165":{"start":{"line":166,"column":0},"end":{"line":166,"column":38}},"166":{"start":{"line":167,"column":0},"end":{"line":167,"column":36}},"167":{"start":{"line":168,"column":0},"end":{"line":168,"column":34}},"168":{"start":{"line":169,"column":0},"end":{"line":169,"column":26}},"169":{"start":{"line":170,"column":0},"end":{"line":170,"column":26}},"170":{"start":{"line":171,"column":0},"end":{"line":171,"column":22}},"171":{"start":{"line":172,"column":0},"end":{"line":172,"column":33}},"172":{"start":{"line":173,"column":0},"end":{"line":173,"column":0}},"173":{"start":{"line":174,"column":0},"end":{"line":174,"column":24}},"174":{"start":{"line":175,"column":0},"end":{"line":175,"column":61}},"175":{"start":{"line":176,"column":0},"end":{"line":176,"column":55}},"176":{"start":{"line":177,"column":0},"end":{"line":177,"column":51}},"177":{"start":{"line":178,"column":0},"end":{"line":178,"column":32}},"178":{"start":{"line":179,"column":0},"end":{"line":179,"column":45}},"179":{"start":{"line":180,"column":0},"end":{"line":180,"column":64}},"180":{"start":{"line":181,"column":0},"end":{"line":181,"column":44}},"181":{"start":{"line":182,"column":0},"end":{"line":182,"column":80}},"182":{"start":{"line":183,"column":0},"end":{"line":183,"column":88}},"183":{"start":{"line":184,"column":0},"end":{"line":184,"column":88}},"184":{"start":{"line":185,"column":0},"end":{"line":185,"column":35}},"185":{"start":{"line":186,"column":0},"end":{"line":186,"column":105}},"186":{"start":{"line":187,"column":0},"end":{"line":187,"column":49}},"187":{"start":{"line":188,"column":0},"end":{"line":188,"column":100}},"188":{"start":{"line":189,"column":0},"end":{"line":189,"column":59}},"189":{"start":{"line":190,"column":0},"end":{"line":190,"column":77}},"190":{"start":{"line":191,"column":0},"end":{"line":191,"column":37}},"191":{"start":{"line":192,"column":0},"end":{"line":192,"column":34}},"192":{"start":{"line":193,"column":0},"end":{"line":193,"column":29}},"193":{"start":{"line":194,"column":0},"end":{"line":194,"column":37}},"194":{"start":{"line":195,"column":0},"end":{"line":195,"column":47}},"195":{"start":{"line":196,"column":0},"end":{"line":196,"column":89}},"196":{"start":{"line":197,"column":0},"end":{"line":197,"column":97}},"197":{"start":{"line":198,"column":0},"end":{"line":198,"column":39}},"198":{"start":{"line":199,"column":0},"end":{"line":199,"column":33}},"199":{"start":{"line":200,"column":0},"end":{"line":200,"column":58}},"200":{"start":{"line":201,"column":0},"end":{"line":201,"column":85}},"201":{"start":{"line":202,"column":0},"end":{"line":202,"column":41}},"202":{"start":{"line":203,"column":0},"end":{"line":203,"column":85}},"203":{"start":{"line":204,"column":0},"end":{"line":204,"column":38}},"204":{"start":{"line":205,"column":0},"end":{"line":205,"column":39}},"205":{"start":{"line":206,"column":0},"end":{"line":206,"column":96}},"206":{"start":{"line":207,"column":0},"end":{"line":207,"column":57}},"207":{"start":{"line":208,"column":0},"end":{"line":208,"column":104}},"208":{"start":{"line":209,"column":0},"end":{"line":209,"column":41}},"209":{"start":{"line":210,"column":0},"end":{"line":210,"column":93}},"210":{"start":{"line":211,"column":0},"end":{"line":211,"column":38}},"211":{"start":{"line":212,"column":0},"end":{"line":212,"column":39}},"212":{"start":{"line":213,"column":0},"end":{"line":213,"column":34}},"213":{"start":{"line":214,"column":0},"end":{"line":214,"column":0}},"214":{"start":{"line":215,"column":0},"end":{"line":215,"column":92}},"215":{"start":{"line":216,"column":0},"end":{"line":216,"column":116}},"216":{"start":{"line":217,"column":0},"end":{"line":217,"column":39}},"217":{"start":{"line":218,"column":0},"end":{"line":218,"column":49}},"218":{"start":{"line":219,"column":0},"end":{"line":219,"column":71}},"219":{"start":{"line":220,"column":0},"end":{"line":220,"column":51}},"220":{"start":{"line":221,"column":0},"end":{"line":221,"column":60}},"221":{"start":{"line":222,"column":0},"end":{"line":222,"column":59}},"222":{"start":{"line":223,"column":0},"end":{"line":223,"column":38}},"223":{"start":{"line":224,"column":0},"end":{"line":224,"column":89}},"224":{"start":{"line":225,"column":0},"end":{"line":225,"column":33}},"225":{"start":{"line":226,"column":0},"end":{"line":226,"column":40}},"226":{"start":{"line":227,"column":0},"end":{"line":227,"column":50}},"227":{"start":{"line":228,"column":0},"end":{"line":228,"column":51}},"228":{"start":{"line":229,"column":0},"end":{"line":229,"column":59}},"229":{"start":{"line":230,"column":0},"end":{"line":230,"column":51}},"230":{"start":{"line":231,"column":0},"end":{"line":231,"column":58}},"231":{"start":{"line":232,"column":0},"end":{"line":232,"column":37}},"232":{"start":{"line":233,"column":0},"end":{"line":233,"column":45}},"233":{"start":{"line":234,"column":0},"end":{"line":234,"column":151}},"234":{"start":{"line":235,"column":0},"end":{"line":235,"column":65}},"235":{"start":{"line":236,"column":0},"end":{"line":236,"column":61}},"236":{"start":{"line":237,"column":0},"end":{"line":237,"column":65}},"237":{"start":{"line":238,"column":0},"end":{"line":238,"column":42}},"238":{"start":{"line":239,"column":0},"end":{"line":239,"column":45}},"239":{"start":{"line":240,"column":0},"end":{"line":240,"column":63}},"240":{"start":{"line":241,"column":0},"end":{"line":241,"column":65}},"241":{"start":{"line":242,"column":0},"end":{"line":242,"column":61}},"242":{"start":{"line":243,"column":0},"end":{"line":243,"column":65}},"243":{"start":{"line":244,"column":0},"end":{"line":244,"column":66}},"244":{"start":{"line":245,"column":0},"end":{"line":245,"column":42}},"245":{"start":{"line":246,"column":0},"end":{"line":246,"column":45}},"246":{"start":{"line":247,"column":0},"end":{"line":247,"column":63}},"247":{"start":{"line":248,"column":0},"end":{"line":248,"column":65}},"248":{"start":{"line":249,"column":0},"end":{"line":249,"column":61}},"249":{"start":{"line":250,"column":0},"end":{"line":250,"column":65}},"250":{"start":{"line":251,"column":0},"end":{"line":251,"column":66}},"251":{"start":{"line":252,"column":0},"end":{"line":252,"column":42}},"252":{"start":{"line":253,"column":0},"end":{"line":253,"column":42}},"253":{"start":{"line":254,"column":0},"end":{"line":254,"column":89}},"254":{"start":{"line":255,"column":0},"end":{"line":255,"column":41}},"255":{"start":{"line":256,"column":0},"end":{"line":256,"column":30}},"256":{"start":{"line":257,"column":0},"end":{"line":257,"column":30}},"257":{"start":{"line":258,"column":0},"end":{"line":258,"column":23}},"258":{"start":{"line":259,"column":0},"end":{"line":259,"column":22}},"259":{"start":{"line":260,"column":0},"end":{"line":260,"column":14}},"260":{"start":{"line":261,"column":0},"end":{"line":261,"column":14}},"261":{"start":{"line":262,"column":0},"end":{"line":262,"column":6}},"262":{"start":{"line":263,"column":0},"end":{"line":263,"column":3}},"263":{"start":{"line":264,"column":0},"end":{"line":264,"column":0}},"264":{"start":{"line":265,"column":0},"end":{"line":265,"column":31}}},"s":{"0":1,"1":1,"2":1,"3":1,"4":1,"5":1,"6":1,"7":1,"8":1,"9":1,"10":1,"11":1,"12":1,"13":1,"14":1,"15":1,"16":29,"17":29,"18":29,"19":29,"20":29,"21":29,"22":29,"23":29,"24":29,"25":29,"26":29,"27":29,"28":29,"29":29,"30":29,"31":29,"32":29,"33":29,"34":12,"35":1,"36":1,"37":1,"38":12,"39":12,"40":1,"41":12,"42":12,"43":12,"44":12,"45":12,"46":12,"47":12,"48":29,"49":29,"50":29,"51":10,"52":7,"53":29,"54":29,"55":29,"56":29,"57":1,"58":1,"59":1,"60":29,"61":29,"62":29,"63":29,"64":29,"65":29,"66":29,"67":23,"68":23,"69":0,"70":0,"71":23,"72":29,"73":29,"74":29,"75":29,"76":29,"77":12,"78":12,"79":12,"80":23,"81":23,"82":23,"83":23,"84":23,"85":12,"86":12,"87":29,"88":29,"89":29,"90":28,"91":28,"92":29,"93":29,"94":29,"95":29,"96":29,"97":29,"98":29,"99":29,"100":29,"101":29,"102":29,"103":29,"104":29,"105":29,"106":29,"107":29,"108":29,"109":29,"110":29,"111":29,"112":29,"113":29,"114":29,"115":29,"116":29,"117":29,"118":29,"119":0,"120":0,"121":0,"122":0,"123":29,"124":29,"125":29,"126":29,"127":29,"128":29,"129":29,"130":0,"131":29,"132":28,"133":29,"134":29,"135":29,"136":25,"137":25,"138":25,"139":25,"140":25,"141":25,"142":25,"143":25,"144":25,"145":25,"146":25,"147":25,"148":25,"149":25,"150":25,"151":29,"152":29,"153":29,"154":28,"155":28,"156":28,"157":28,"158":28,"159":28,"160":28,"161":28,"162":0,"163":28,"164":28,"165":28,"166":28,"167":28,"168":29,"169":29,"170":29,"171":29,"172":29,"173":29,"174":14,"175":14,"176":28,"177":28,"178":28,"179":28,"180":28,"181":28,"182":28,"183":28,"184":28,"185":28,"186":28,"187":0,"188":0,"189":0,"190":0,"191":28,"192":28,"193":28,"194":28,"195":28,"196":28,"197":28,"198":28,"199":28,"200":14,"201":28,"202":14,"203":28,"204":28,"205":28,"206":28,"207":28,"208":28,"209":0,"210":28,"211":28,"212":28,"213":28,"214":28,"215":28,"216":0,"217":0,"218":0,"219":0,"220":0,"221":0,"222":0,"223":0,"224":0,"225":0,"226":0,"227":0,"228":0,"229":0,"230":0,"231":0,"232":0,"233":0,"234":0,"235":0,"236":0,"237":0,"238":0,"239":0,"240":0,"241":0,"242":0,"243":0,"244":0,"245":0,"246":0,"247":0,"248":0,"249":0,"250":0,"251":0,"252":0,"253":0,"254":0,"255":28,"256":28,"257":14,"258":14,"259":29,"260":29,"261":29,"262":1,"263":1,"264":1},"branchMap":{"0":{"type":"branch","line":16,"loc":{"start":{"line":16,"column":33},"end":{"line":263,"column":2}},"locations":[{"start":{"line":16,"column":33},"end":{"line":263,"column":2}}]},"1":{"type":"branch","line":20,"loc":{"start":{"line":20,"column":44},"end":{"line":20,"column":50}},"locations":[{"start":{"line":20,"column":44},"end":{"line":20,"column":50}}]},"2":{"type":"branch","line":31,"loc":{"start":{"line":31,"column":48},"end":{"line":31,"column":71}},"locations":[{"start":{"line":31,"column":48},"end":{"line":31,"column":71}}]},"3":{"type":"branch","line":90,"loc":{"start":{"line":90,"column":24},"end":{"line":90,"column":36}},"locations":[{"start":{"line":90,"column":24},"end":{"line":90,"column":36}}]},"4":{"type":"branch","line":91,"loc":{"start":{"line":91,"column":-1},"end":{"line":93,"column":44}},"locations":[{"start":{"line":91,"column":-1},"end":{"line":93,"column":44}}]},"5":{"type":"branch","line":93,"loc":{"start":{"line":93,"column":40},"end":{"line":93,"column":59}},"locations":[{"start":{"line":93,"column":40},"end":{"line":93,"column":59}}]},"6":{"type":"branch","line":97,"loc":{"start":{"line":97,"column":25},"end":{"line":97,"column":38}},"locations":[{"start":{"line":97,"column":25},"end":{"line":97,"column":38}}]},"7":{"type":"branch","line":97,"loc":{"start":{"line":97,"column":38},"end":{"line":97,"column":80}},"locations":[{"start":{"line":97,"column":38},"end":{"line":97,"column":80}}]},"8":{"type":"branch","line":100,"loc":{"start":{"line":100,"column":36},"end":{"line":100,"column":65}},"locations":[{"start":{"line":100,"column":36},"end":{"line":100,"column":65}}]},"9":{"type":"branch","line":101,"loc":{"start":{"line":101,"column":12},"end":{"line":101,"column":85}},"locations":[{"start":{"line":101,"column":12},"end":{"line":101,"column":85}}]},"10":{"type":"branch","line":102,"loc":{"start":{"line":102,"column":12},"end":{"line":102,"column":21}},"locations":[{"start":{"line":102,"column":12},"end":{"line":102,"column":21}}]},"11":{"type":"branch","line":110,"loc":{"start":{"line":110,"column":38},"end":{"line":110,"column":48}},"locations":[{"start":{"line":110,"column":38},"end":{"line":110,"column":48}}]},"12":{"type":"branch","line":110,"loc":{"start":{"line":110,"column":49},"end":{"line":110,"column":60}},"locations":[{"start":{"line":110,"column":49},"end":{"line":110,"column":60}}]},"13":{"type":"branch","line":111,"loc":{"start":{"line":111,"column":42},"end":{"line":111,"column":45}},"locations":[{"start":{"line":111,"column":42},"end":{"line":111,"column":45}}]},"14":{"type":"branch","line":111,"loc":{"start":{"line":111,"column":46},"end":{"line":111,"column":50}},"locations":[{"start":{"line":111,"column":46},"end":{"line":111,"column":50}}]},"15":{"type":"branch","line":112,"loc":{"start":{"line":112,"column":47},"end":{"line":112,"column":55}},"locations":[{"start":{"line":112,"column":47},"end":{"line":112,"column":55}}]},"16":{"type":"branch","line":112,"loc":{"start":{"line":112,"column":56},"end":{"line":112,"column":67}},"locations":[{"start":{"line":112,"column":56},"end":{"line":112,"column":67}}]},"17":{"type":"branch","line":113,"loc":{"start":{"line":113,"column":47},"end":{"line":113,"column":58}},"locations":[{"start":{"line":113,"column":47},"end":{"line":113,"column":58}}]},"18":{"type":"branch","line":113,"loc":{"start":{"line":113,"column":59},"end":{"line":113,"column":70}},"locations":[{"start":{"line":113,"column":59},"end":{"line":113,"column":70}}]},"19":{"type":"branch","line":130,"loc":{"start":{"line":130,"column":43},"end":{"line":131,"column":81}},"locations":[{"start":{"line":130,"column":43},"end":{"line":131,"column":81}}]},"20":{"type":"branch","line":132,"loc":{"start":{"line":132,"column":34},"end":{"line":133,"column":81}},"locations":[{"start":{"line":132,"column":34},"end":{"line":133,"column":81}}]},"21":{"type":"branch","line":136,"loc":{"start":{"line":136,"column":40},"end":{"line":151,"column":39}},"locations":[{"start":{"line":136,"column":40},"end":{"line":151,"column":39}}]},"22":{"type":"branch","line":154,"loc":{"start":{"line":154,"column":56},"end":{"line":154,"column":69}},"locations":[{"start":{"line":154,"column":56},"end":{"line":154,"column":69}}]},"23":{"type":"branch","line":154,"loc":{"start":{"line":154,"column":70},"end":{"line":168,"column":34}},"locations":[{"start":{"line":154,"column":70},"end":{"line":168,"column":34}}]},"24":{"type":"branch","line":159,"loc":{"start":{"line":159,"column":83},"end":{"line":159,"column":97}},"locations":[{"start":{"line":159,"column":83},"end":{"line":159,"column":97}}]},"25":{"type":"branch","line":162,"loc":{"start":{"line":162,"column":47},"end":{"line":163,"column":93}},"locations":[{"start":{"line":162,"column":47},"end":{"line":163,"column":93}}]},"26":{"type":"branch","line":174,"loc":{"start":{"line":174,"column":19},"end":{"line":259,"column":22}},"locations":[{"start":{"line":174,"column":19},"end":{"line":259,"column":22}}]},"27":{"type":"branch","line":34,"loc":{"start":{"line":34,"column":14},"end":{"line":49,"column":5}},"locations":[{"start":{"line":34,"column":14},"end":{"line":49,"column":5}}]},"28":{"type":"branch","line":35,"loc":{"start":{"line":35,"column":35},"end":{"line":39,"column":9}},"locations":[{"start":{"line":35,"column":35},"end":{"line":39,"column":9}}]},"29":{"type":"branch","line":40,"loc":{"start":{"line":40,"column":30},"end":{"line":42,"column":9}},"locations":[{"start":{"line":40,"column":30},"end":{"line":42,"column":9}}]},"30":{"type":"branch","line":45,"loc":{"start":{"line":45,"column":15},"end":{"line":48,"column":9}},"locations":[{"start":{"line":45,"column":15},"end":{"line":48,"column":9}}]},"31":{"type":"branch","line":51,"loc":{"start":{"line":51,"column":39},"end":{"line":54,"column":5}},"locations":[{"start":{"line":51,"column":39},"end":{"line":54,"column":5}}]},"32":{"type":"branch","line":52,"loc":{"start":{"line":52,"column":26},"end":{"line":52,"column":45}},"locations":[{"start":{"line":52,"column":26},"end":{"line":52,"column":45}}]},"33":{"type":"branch","line":52,"loc":{"start":{"line":52,"column":47},"end":{"line":52,"column":54}},"locations":[{"start":{"line":52,"column":47},"end":{"line":52,"column":54}}]},"34":{"type":"branch","line":53,"loc":{"start":{"line":53,"column":-1},"end":{"line":54,"column":5}},"locations":[{"start":{"line":53,"column":-1},"end":{"line":54,"column":5}}]},"35":{"type":"branch","line":53,"loc":{"start":{"line":53,"column":18},"end":{"line":53,"column":31}},"locations":[{"start":{"line":53,"column":18},"end":{"line":53,"column":31}}]},"36":{"type":"branch","line":57,"loc":{"start":{"line":57,"column":8},"end":{"line":61,"column":9}},"locations":[{"start":{"line":57,"column":8},"end":{"line":61,"column":9}}]},"37":{"type":"branch","line":67,"loc":{"start":{"line":67,"column":8},"end":{"line":73,"column":9}},"locations":[{"start":{"line":67,"column":8},"end":{"line":73,"column":9}}]},"38":{"type":"branch","line":69,"loc":{"start":{"line":69,"column":33},"end":{"line":69,"column":77}},"locations":[{"start":{"line":69,"column":33},"end":{"line":69,"column":77}}]},"39":{"type":"branch","line":69,"loc":{"start":{"line":69,"column":77},"end":{"line":69,"column":106}},"locations":[{"start":{"line":69,"column":77},"end":{"line":69,"column":106}}]},"40":{"type":"branch","line":69,"loc":{"start":{"line":69,"column":108},"end":{"line":71,"column":13}},"locations":[{"start":{"line":69,"column":108},"end":{"line":71,"column":13}}]},"41":{"type":"branch","line":72,"loc":{"start":{"line":72,"column":50},"end":{"line":72,"column":55}},"locations":[{"start":{"line":72,"column":50},"end":{"line":72,"column":55}}]},"42":{"type":"branch","line":77,"loc":{"start":{"line":77,"column":38},"end":{"line":88,"column":5}},"locations":[{"start":{"line":77,"column":38},"end":{"line":88,"column":5}}]},"43":{"type":"branch","line":78,"loc":{"start":{"line":78,"column":26},"end":{"line":78,"column":36}},"locations":[{"start":{"line":78,"column":26},"end":{"line":78,"column":36}}]},"44":{"type":"branch","line":80,"loc":{"start":{"line":80,"column":17},"end":{"line":86,"column":14}},"locations":[{"start":{"line":80,"column":17},"end":{"line":86,"column":14}}]},"45":{"type":"branch","line":87,"loc":{"start":{"line":87,"column":18},"end":{"line":87,"column":66}},"locations":[{"start":{"line":87,"column":18},"end":{"line":87,"column":66}}]},"46":{"type":"branch","line":87,"loc":{"start":{"line":87,"column":40},"end":{"line":87,"column":44}},"locations":[{"start":{"line":87,"column":40},"end":{"line":87,"column":44}}]},"47":{"type":"branch","line":87,"loc":{"start":{"line":87,"column":45},"end":{"line":87,"column":65}},"locations":[{"start":{"line":87,"column":45},"end":{"line":87,"column":65}}]},"48":{"type":"branch","line":87,"loc":{"start":{"line":87,"column":62},"end":{"line":87,"column":65}},"locations":[{"start":{"line":87,"column":62},"end":{"line":87,"column":65}}]},"49":{"type":"branch","line":176,"loc":{"start":{"line":176,"column":43},"end":{"line":257,"column":30}},"locations":[{"start":{"line":176,"column":43},"end":{"line":257,"column":30}}]},"50":{"type":"branch","line":200,"loc":{"start":{"line":200,"column":55},"end":{"line":201,"column":85}},"locations":[{"start":{"line":200,"column":55},"end":{"line":201,"column":85}}]},"51":{"type":"branch","line":202,"loc":{"start":{"line":202,"column":38},"end":{"line":203,"column":85}},"locations":[{"start":{"line":202,"column":38},"end":{"line":203,"column":85}}]},"52":{"type":"branch","line":209,"loc":{"start":{"line":209,"column":38},"end":{"line":210,"column":93}},"locations":[{"start":{"line":209,"column":38},"end":{"line":210,"column":93}}]},"53":{"type":"branch","line":216,"loc":{"start":{"line":216,"column":46},"end":{"line":216,"column":67}},"locations":[{"start":{"line":216,"column":46},"end":{"line":216,"column":67}}]},"54":{"type":"branch","line":216,"loc":{"start":{"line":216,"column":67},"end":{"line":216,"column":111}},"locations":[{"start":{"line":216,"column":67},"end":{"line":216,"column":111}}]},"55":{"type":"branch","line":216,"loc":{"start":{"line":216,"column":111},"end":{"line":255,"column":41}},"locations":[{"start":{"line":216,"column":111},"end":{"line":255,"column":41}}]},"56":{"type":"branch","line":186,"loc":{"start":{"line":186,"column":41},"end":{"line":186,"column":104}},"locations":[{"start":{"line":186,"column":41},"end":{"line":186,"column":104}}]},"57":{"type":"branch","line":186,"loc":{"start":{"line":186,"column":64},"end":{"line":186,"column":104}},"locations":[{"start":{"line":186,"column":64},"end":{"line":186,"column":104}}]}},"b":{"0":[29],"1":[0],"2":[28],"3":[1],"4":[28],"5":[27],"6":[0],"7":[0],"8":[0],"9":[0],"10":[28],"11":[25],"12":[3],"13":[25],"14":[3],"15":[25],"16":[3],"17":[25],"18":[3],"19":[0],"20":[28],"21":[25],"22":[0],"23":[28],"24":[0],"25":[0],"26":[14],"27":[12],"28":[1],"29":[1],"30":[12],"31":[10],"32":[8],"33":[3],"34":[7],"35":[7],"36":[1],"37":[23],"38":[0],"39":[0],"40":[0],"41":[0],"42":[12],"43":[0],"44":[23],"45":[11],"46":[1],"47":[10],"48":[0],"49":[28],"50":[14],"51":[14],"52":[0],"53":[0],"54":[0],"55":[0],"56":[2],"57":[1]},"fnMap":{"0":{"name":"handleClickOutside","decl":{"start":{"line":35,"column":35},"end":{"line":39,"column":9}},"loc":{"start":{"line":35,"column":35},"end":{"line":39,"column":9}},"line":35},"1":{"name":"handleKeyDown","decl":{"start":{"line":40,"column":30},"end":{"line":42,"column":9}},"loc":{"start":{"line":40,"column":30},"end":{"line":42,"column":9}},"line":40},"2":{"name":"onKeyDown","decl":{"start":{"line":119,"column":31},"end":{"line":124,"column":21}},"loc":{"start":{"line":119,"column":31},"end":{"line":124,"column":21}},"line":119},"3":{"name":"onClick","decl":{"start":{"line":186,"column":41},"end":{"line":186,"column":104}},"loc":{"start":{"line":186,"column":41},"end":{"line":186,"column":104}},"line":186},"4":{"name":"onKeyDown","decl":{"start":{"line":187,"column":43},"end":{"line":192,"column":33}},"loc":{"start":{"line":187,"column":43},"end":{"line":192,"column":33}},"line":187},"5":{"name":"onClick","decl":{"start":{"line":220,"column":45},"end":{"line":223,"column":37}},"loc":{"start":{"line":220,"column":45},"end":{"line":223,"column":37}},"line":220}},"f":{"0":1,"1":1,"2":0,"3":2,"4":0,"5":0}}
,"/home/runner/workspace/src/hooks/useMarketingBalance.ts": {"path":"/home/runner/workspace/src/hooks/useMarketingBalance.ts","all":false,"statementMap":{"0":{"start":{"line":1,"column":0},"end":{"line":1,"column":3}},"1":{"start":{"line":2,"column":0},"end":{"line":2,"column":22}},"2":{"start":{"line":3,"column":0},"end":{"line":3,"column":2}},"3":{"start":{"line":4,"column":0},"end":{"line":4,"column":78}},"4":{"start":{"line":5,"column":0},"end":{"line":5,"column":37}},"5":{"start":{"line":6,"column":0},"end":{"line":6,"column":62}},"6":{"start":{"line":7,"column":0},"end":{"line":7,"column":74}},"7":{"start":{"line":8,"column":0},"end":{"line":8,"column":53}},"8":{"start":{"line":9,"column":0},"end":{"line":9,"column":78}},"9":{"start":{"line":10,"column":0},"end":{"line":10,"column":44}},"10":{"start":{"line":11,"column":0},"end":{"line":11,"column":3}},"11":{"start":{"line":12,"column":0},"end":{"line":12,"column":0}},"12":{"start":{"line":13,"column":0},"end":{"line":13,"column":65}},"13":{"start":{"line":14,"column":0},"end":{"line":14,"column":73}},"14":{"start":{"line":15,"column":0},"end":{"line":15,"column":46}},"15":{"start":{"line":16,"column":0},"end":{"line":16,"column":56}},"16":{"start":{"line":17,"column":0},"end":{"line":17,"column":8}},"17":{"start":{"line":18,"column":0},"end":{"line":18,"column":21}},"18":{"start":{"line":19,"column":0},"end":{"line":19,"column":22}},"19":{"start":{"line":20,"column":0},"end":{"line":20,"column":25}},"20":{"start":{"line":21,"column":0},"end":{"line":21,"column":18}},"21":{"start":{"line":22,"column":0},"end":{"line":22,"column":26}},"22":{"start":{"line":23,"column":0},"end":{"line":23,"column":35}},"23":{"start":{"line":24,"column":0},"end":{"line":24,"column":0}},"24":{"start":{"line":25,"column":0},"end":{"line":25,"column":81}},"25":{"start":{"line":26,"column":0},"end":{"line":26,"column":0}},"26":{"start":{"line":27,"column":0},"end":{"line":27,"column":44}},"27":{"start":{"line":28,"column":0},"end":{"line":28,"column":76}},"28":{"start":{"line":29,"column":0},"end":{"line":29,"column":31}},"29":{"start":{"line":30,"column":0},"end":{"line":30,"column":74}},"30":{"start":{"line":31,"column":0},"end":{"line":31,"column":40}},"31":{"start":{"line":32,"column":0},"end":{"line":32,"column":51}},"32":{"start":{"line":33,"column":0},"end":{"line":33,"column":38}},"33":{"start":{"line":34,"column":0},"end":{"line":34,"column":7}},"34":{"start":{"line":35,"column":0},"end":{"line":35,"column":76}},"35":{"start":{"line":36,"column":0},"end":{"line":36,"column":54}},"36":{"start":{"line":37,"column":0},"end":{"line":37,"column":7}},"37":{"start":{"line":38,"column":0},"end":{"line":38,"column":36}},"38":{"start":{"line":39,"column":0},"end":{"line":39,"column":52}},"39":{"start":{"line":40,"column":0},"end":{"line":40,"column":27}},"40":{"start":{"line":41,"column":0},"end":{"line":41,"column":64}},"41":{"start":{"line":42,"column":0},"end":{"line":42,"column":33}},"42":{"start":{"line":43,"column":0},"end":{"line":43,"column":1}},"43":{"start":{"line":44,"column":0},"end":{"line":44,"column":0}},"44":{"start":{"line":45,"column":0},"end":{"line":45,"column":80}},"45":{"start":{"line":46,"column":0},"end":{"line":46,"column":0}},"46":{"start":{"line":47,"column":0},"end":{"line":47,"column":36}},"47":{"start":{"line":48,"column":0},"end":{"line":48,"column":42}},"48":{"start":{"line":49,"column":0},"end":{"line":49,"column":30}},"49":{"start":{"line":50,"column":0},"end":{"line":50,"column":82}},"50":{"start":{"line":51,"column":0},"end":{"line":51,"column":90}},"51":{"start":{"line":52,"column":0},"end":{"line":52,"column":86}},"52":{"start":{"line":53,"column":0},"end":{"line":53,"column":0}},"53":{"start":{"line":54,"column":0},"end":{"line":54,"column":76}},"54":{"start":{"line":55,"column":0},"end":{"line":55,"column":51}},"55":{"start":{"line":56,"column":0},"end":{"line":56,"column":49}},"56":{"start":{"line":57,"column":0},"end":{"line":57,"column":78}},"57":{"start":{"line":58,"column":0},"end":{"line":58,"column":50}},"58":{"start":{"line":59,"column":0},"end":{"line":59,"column":0}},"59":{"start":{"line":60,"column":0},"end":{"line":60,"column":81}},"60":{"start":{"line":61,"column":0},"end":{"line":61,"column":0}},"61":{"start":{"line":62,"column":0},"end":{"line":62,"column":21}},"62":{"start":{"line":63,"column":0},"end":{"line":63,"column":41}},"63":{"start":{"line":64,"column":0},"end":{"line":64,"column":0}},"64":{"start":{"line":65,"column":0},"end":{"line":65,"column":74}},"65":{"start":{"line":66,"column":0},"end":{"line":66,"column":0}},"66":{"start":{"line":67,"column":0},"end":{"line":67,"column":25}},"67":{"start":{"line":68,"column":0},"end":{"line":68,"column":50}},"68":{"start":{"line":69,"column":0},"end":{"line":69,"column":42}},"69":{"start":{"line":70,"column":0},"end":{"line":70,"column":40}},"70":{"start":{"line":71,"column":0},"end":{"line":71,"column":38}},"71":{"start":{"line":72,"column":0},"end":{"line":72,"column":38}},"72":{"start":{"line":73,"column":0},"end":{"line":73,"column":36}},"73":{"start":{"line":74,"column":0},"end":{"line":74,"column":19}},"74":{"start":{"line":75,"column":0},"end":{"line":75,"column":9}},"75":{"start":{"line":76,"column":0},"end":{"line":76,"column":0}},"76":{"start":{"line":77,"column":0},"end":{"line":77,"column":76}},"77":{"start":{"line":78,"column":0},"end":{"line":78,"column":33}},"78":{"start":{"line":79,"column":0},"end":{"line":79,"column":0}},"79":{"start":{"line":80,"column":0},"end":{"line":80,"column":40}},"80":{"start":{"line":81,"column":0},"end":{"line":81,"column":44}},"81":{"start":{"line":82,"column":0},"end":{"line":82,"column":33}},"82":{"start":{"line":83,"column":0},"end":{"line":83,"column":37}},"83":{"start":{"line":84,"column":0},"end":{"line":84,"column":37}},"84":{"start":{"line":85,"column":0},"end":{"line":85,"column":41}},"85":{"start":{"line":86,"column":0},"end":{"line":86,"column":0}},"86":{"start":{"line":87,"column":0},"end":{"line":87,"column":72}},"87":{"start":{"line":88,"column":0},"end":{"line":88,"column":24}},"88":{"start":{"line":89,"column":0},"end":{"line":89,"column":51}},"89":{"start":{"line":90,"column":0},"end":{"line":90,"column":37}},"90":{"start":{"line":91,"column":0},"end":{"line":91,"column":68}},"91":{"start":{"line":92,"column":0},"end":{"line":92,"column":0}},"92":{"start":{"line":93,"column":0},"end":{"line":93,"column":47}},"93":{"start":{"line":94,"column":0},"end":{"line":94,"column":0}},"94":{"start":{"line":95,"column":0},"end":{"line":95,"column":67}},"95":{"start":{"line":96,"column":0},"end":{"line":96,"column":33}},"96":{"start":{"line":97,"column":0},"end":{"line":97,"column":22}},"97":{"start":{"line":98,"column":0},"end":{"line":98,"column":0}},"98":{"start":{"line":99,"column":0},"end":{"line":99,"column":81}},"99":{"start":{"line":100,"column":0},"end":{"line":100,"column":0}},"100":{"start":{"line":101,"column":0},"end":{"line":101,"column":21}},"101":{"start":{"line":102,"column":0},"end":{"line":102,"column":42}},"102":{"start":{"line":103,"column":0},"end":{"line":103,"column":0}},"103":{"start":{"line":104,"column":0},"end":{"line":104,"column":78}},"104":{"start":{"line":105,"column":0},"end":{"line":105,"column":68}},"105":{"start":{"line":106,"column":0},"end":{"line":106,"column":0}},"106":{"start":{"line":107,"column":0},"end":{"line":107,"column":30}},"107":{"start":{"line":108,"column":0},"end":{"line":108,"column":44}},"108":{"start":{"line":109,"column":0},"end":{"line":109,"column":17}},"109":{"start":{"line":110,"column":0},"end":{"line":110,"column":96}},"110":{"start":{"line":111,"column":0},"end":{"line":111,"column":79}},"111":{"start":{"line":112,"column":0},"end":{"line":112,"column":0}},"112":{"start":{"line":113,"column":0},"end":{"line":113,"column":90}},"113":{"start":{"line":114,"column":0},"end":{"line":114,"column":0}},"114":{"start":{"line":115,"column":0},"end":{"line":115,"column":65}},"115":{"start":{"line":116,"column":0},"end":{"line":116,"column":86}},"116":{"start":{"line":117,"column":0},"end":{"line":117,"column":0}},"117":{"start":{"line":118,"column":0},"end":{"line":118,"column":62}},"118":{"start":{"line":119,"column":0},"end":{"line":119,"column":0}},"119":{"start":{"line":120,"column":0},"end":{"line":120,"column":55}},"120":{"start":{"line":121,"column":0},"end":{"line":121,"column":41}},"121":{"start":{"line":122,"column":0},"end":{"line":122,"column":0}},"122":{"start":{"line":123,"column":0},"end":{"line":123,"column":78}},"123":{"start":{"line":124,"column":0},"end":{"line":124,"column":46}},"124":{"start":{"line":125,"column":0},"end":{"line":125,"column":56}},"125":{"start":{"line":126,"column":0},"end":{"line":126,"column":21}},"126":{"start":{"line":127,"column":0},"end":{"line":127,"column":19}},"127":{"start":{"line":128,"column":0},"end":{"line":128,"column":28}},"128":{"start":{"line":129,"column":0},"end":{"line":129,"column":21}},"129":{"start":{"line":130,"column":0},"end":{"line":130,"column":29}},"130":{"start":{"line":131,"column":0},"end":{"line":131,"column":13}},"131":{"start":{"line":132,"column":0},"end":{"line":132,"column":10}},"132":{"start":{"line":133,"column":0},"end":{"line":133,"column":0}},"133":{"start":{"line":134,"column":0},"end":{"line":134,"column":24}},"134":{"start":{"line":135,"column":0},"end":{"line":135,"column":52}},"135":{"start":{"line":136,"column":0},"end":{"line":136,"column":45}},"136":{"start":{"line":137,"column":0},"end":{"line":137,"column":51}},"137":{"start":{"line":138,"column":0},"end":{"line":138,"column":20}},"138":{"start":{"line":139,"column":0},"end":{"line":139,"column":26}},"139":{"start":{"line":140,"column":0},"end":{"line":140,"column":37}},"140":{"start":{"line":141,"column":0},"end":{"line":141,"column":44}},"141":{"start":{"line":142,"column":0},"end":{"line":142,"column":14}},"142":{"start":{"line":143,"column":0},"end":{"line":143,"column":9}},"143":{"start":{"line":144,"column":0},"end":{"line":144,"column":0}},"144":{"start":{"line":145,"column":0},"end":{"line":145,"column":22}},"145":{"start":{"line":146,"column":0},"end":{"line":146,"column":40}},"146":{"start":{"line":147,"column":0},"end":{"line":147,"column":10}},"147":{"start":{"line":148,"column":0},"end":{"line":148,"column":31}},"148":{"start":{"line":149,"column":0},"end":{"line":149,"column":0}},"149":{"start":{"line":150,"column":0},"end":{"line":150,"column":81}},"150":{"start":{"line":151,"column":0},"end":{"line":151,"column":0}},"151":{"start":{"line":152,"column":0},"end":{"line":152,"column":48}},"152":{"start":{"line":153,"column":0},"end":{"line":153,"column":43}},"153":{"start":{"line":154,"column":0},"end":{"line":154,"column":39}},"154":{"start":{"line":155,"column":0},"end":{"line":155,"column":39}},"155":{"start":{"line":156,"column":0},"end":{"line":156,"column":0}},"156":{"start":{"line":157,"column":0},"end":{"line":157,"column":90}},"157":{"start":{"line":158,"column":0},"end":{"line":158,"column":36}},"158":{"start":{"line":159,"column":0},"end":{"line":159,"column":11}},"159":{"start":{"line":160,"column":0},"end":{"line":160,"column":0}},"160":{"start":{"line":161,"column":0},"end":{"line":161,"column":81}},"161":{"start":{"line":162,"column":0},"end":{"line":162,"column":0}},"162":{"start":{"line":163,"column":0},"end":{"line":163,"column":58}},"163":{"start":{"line":164,"column":0},"end":{"line":164,"column":90}},"164":{"start":{"line":165,"column":0},"end":{"line":165,"column":0}},"165":{"start":{"line":166,"column":0},"end":{"line":166,"column":12}},"166":{"start":{"line":167,"column":0},"end":{"line":167,"column":26}},"167":{"start":{"line":168,"column":0},"end":{"line":168,"column":29}},"168":{"start":{"line":169,"column":0},"end":{"line":169,"column":27}},"169":{"start":{"line":170,"column":0},"end":{"line":170,"column":25}},"170":{"start":{"line":171,"column":0},"end":{"line":171,"column":23}},"171":{"start":{"line":172,"column":0},"end":{"line":172,"column":25}},"172":{"start":{"line":173,"column":0},"end":{"line":173,"column":6}},"173":{"start":{"line":174,"column":0},"end":{"line":174,"column":1}}},"s":{"0":1,"1":1,"2":1,"3":1,"4":1,"5":1,"6":1,"7":1,"8":1,"9":1,"10":1,"11":1,"12":1,"13":1,"14":1,"15":1,"16":1,"17":1,"18":1,"19":1,"20":1,"21":1,"22":1,"23":1,"24":1,"25":1,"26":1,"27":1,"28":1,"29":1,"30":1,"31":1,"32":1,"33":1,"34":1,"35":1,"36":1,"37":1,"38":1,"39":1,"40":1,"41":1,"42":1,"43":1,"44":1,"45":1,"46":29,"47":29,"48":29,"49":29,"50":29,"51":29,"52":29,"53":29,"54":29,"55":29,"56":29,"57":29,"58":29,"59":29,"60":29,"61":29,"62":12,"63":12,"64":12,"65":12,"66":12,"67":12,"68":12,"69":12,"70":12,"71":12,"72":12,"73":12,"74":12,"75":0,"76":0,"77":0,"78":0,"79":0,"80":0,"81":0,"82":0,"83":0,"84":0,"85":0,"86":0,"87":0,"88":0,"89":0,"90":12,"91":12,"92":12,"93":12,"94":12,"95":12,"96":29,"97":29,"98":29,"99":29,"100":29,"101":12,"102":0,"103":0,"104":0,"105":0,"106":0,"107":0,"108":0,"109":0,"110":0,"111":0,"112":0,"113":0,"114":0,"115":0,"116":0,"117":0,"118":0,"119":0,"120":0,"121":0,"122":0,"123":0,"124":0,"125":0,"126":0,"127":0,"128":0,"129":0,"130":0,"131":0,"132":0,"133":0,"134":0,"135":0,"136":0,"137":0,"138":0,"139":0,"140":0,"141":0,"142":0,"143":0,"144":0,"145":0,"146":0,"147":29,"148":29,"149":29,"150":29,"151":29,"152":0,"153":0,"154":0,"155":0,"156":0,"157":0,"158":29,"159":29,"160":29,"161":29,"162":29,"163":29,"164":29,"165":29,"166":29,"167":29,"168":29,"169":29,"170":29,"171":29,"172":29,"173":29},"branchMap":{"0":{"type":"branch","line":47,"loc":{"start":{"line":47,"column":0},"end":{"line":174,"column":1}},"locations":[{"start":{"line":47,"column":0},"end":{"line":174,"column":1}}]},"1":{"type":"branch","line":164,"loc":{"start":{"line":164,"column":46},"end":{"line":164,"column":85}},"locations":[{"start":{"line":164,"column":46},"end":{"line":164,"column":85}}]},"2":{"type":"branch","line":62,"loc":{"start":{"line":62,"column":14},"end":{"line":97,"column":5}},"locations":[{"start":{"line":62,"column":14},"end":{"line":97,"column":5}}]},"3":{"type":"branch","line":63,"loc":{"start":{"line":63,"column":34},"end":{"line":63,"column":41}},"locations":[{"start":{"line":63,"column":34},"end":{"line":63,"column":41}}]},"4":{"type":"branch","line":76,"loc":{"start":{"line":76,"column":-1},"end":{"line":90,"column":37}},"locations":[{"start":{"line":76,"column":-1},"end":{"line":90,"column":37}}]},"5":{"type":"branch","line":91,"loc":{"start":{"line":91,"column":16},"end":{"line":91,"column":67}},"locations":[{"start":{"line":91,"column":16},"end":{"line":91,"column":67}}]},"6":{"type":"branch","line":65,"loc":{"start":{"line":65,"column":43},"end":{"line":65,"column":72}},"locations":[{"start":{"line":65,"column":43},"end":{"line":65,"column":72}}]},"7":{"type":"branch","line":101,"loc":{"start":{"line":101,"column":14},"end":{"line":148,"column":5}},"locations":[{"start":{"line":101,"column":14},"end":{"line":148,"column":5}}]},"8":{"type":"branch","line":103,"loc":{"start":{"line":103,"column":-1},"end":{"line":148,"column":5}},"locations":[{"start":{"line":103,"column":-1},"end":{"line":148,"column":5}}]}},"b":{"0":[29],"1":[0],"2":[12],"3":[0],"4":[0],"5":[0],"6":[23],"7":[12],"8":[0]},"fnMap":{"0":{"name":"useMarketingBalance","decl":{"start":{"line":47,"column":0},"end":{"line":174,"column":1}},"loc":{"start":{"line":47,"column":0},"end":{"line":174,"column":1}},"line":47},"1":{"name":"attach","decl":{"start":{"line":107,"column":23},"end":{"line":132,"column":9}},"loc":{"start":{"line":107,"column":23},"end":{"line":132,"column":9}},"line":107}},"f":{"0":29,"1":0}}
,"/home/runner/workspace/src/utils/marketing-balance.ts": {"path":"/home/runner/workspace/src/utils/marketing-balance.ts","all":false,"statementMap":{"0":{"start":{"line":1,"column":0},"end":{"line":1,"column":3}},"1":{"start":{"line":2,"column":0},"end":{"line":2,"column":36}},"2":{"start":{"line":3,"column":0},"end":{"line":3,"column":2}},"3":{"start":{"line":4,"column":0},"end":{"line":4,"column":72}},"4":{"start":{"line":5,"column":0},"end":{"line":5,"column":72}},"5":{"start":{"line":6,"column":0},"end":{"line":6,"column":36}},"6":{"start":{"line":7,"column":0},"end":{"line":7,"column":2}},"7":{"start":{"line":8,"column":0},"end":{"line":8,"column":16}},"8":{"start":{"line":9,"column":0},"end":{"line":9,"column":72}},"9":{"start":{"line":10,"column":0},"end":{"line":10,"column":71}},"10":{"start":{"line":11,"column":0},"end":{"line":11,"column":45}},"11":{"start":{"line":12,"column":0},"end":{"line":12,"column":73}},"12":{"start":{"line":13,"column":0},"end":{"line":13,"column":74}},"13":{"start":{"line":14,"column":0},"end":{"line":14,"column":69}},"14":{"start":{"line":15,"column":0},"end":{"line":15,"column":64}},"15":{"start":{"line":16,"column":0},"end":{"line":16,"column":71}},"16":{"start":{"line":17,"column":0},"end":{"line":17,"column":60}},"17":{"start":{"line":18,"column":0},"end":{"line":18,"column":2}},"18":{"start":{"line":19,"column":0},"end":{"line":19,"column":67}},"19":{"start":{"line":20,"column":0},"end":{"line":20,"column":3}},"20":{"start":{"line":21,"column":0},"end":{"line":21,"column":0}},"21":{"start":{"line":22,"column":0},"end":{"line":22,"column":81}},"22":{"start":{"line":23,"column":0},"end":{"line":23,"column":0}},"23":{"start":{"line":24,"column":0},"end":{"line":24,"column":41}},"24":{"start":{"line":25,"column":0},"end":{"line":25,"column":62}},"25":{"start":{"line":26,"column":0},"end":{"line":26,"column":27}},"26":{"start":{"line":27,"column":0},"end":{"line":27,"column":58}},"27":{"start":{"line":28,"column":0},"end":{"line":28,"column":21}},"28":{"start":{"line":29,"column":0},"end":{"line":29,"column":58}},"29":{"start":{"line":30,"column":0},"end":{"line":30,"column":19}},"30":{"start":{"line":31,"column":0},"end":{"line":31,"column":1}},"31":{"start":{"line":32,"column":0},"end":{"line":32,"column":0}},"32":{"start":{"line":33,"column":0},"end":{"line":33,"column":69}},"33":{"start":{"line":34,"column":0},"end":{"line":34,"column":75}},"34":{"start":{"line":35,"column":0},"end":{"line":35,"column":17}},"35":{"start":{"line":36,"column":0},"end":{"line":36,"column":31}},"36":{"start":{"line":37,"column":0},"end":{"line":37,"column":24}},"37":{"start":{"line":38,"column":0},"end":{"line":38,"column":32}},"38":{"start":{"line":39,"column":0},"end":{"line":39,"column":6}},"39":{"start":{"line":40,"column":0},"end":{"line":40,"column":2}},"40":{"start":{"line":41,"column":0},"end":{"line":41,"column":0}},"41":{"start":{"line":42,"column":0},"end":{"line":42,"column":81}},"42":{"start":{"line":43,"column":0},"end":{"line":43,"column":0}},"43":{"start":{"line":44,"column":0},"end":{"line":44,"column":80}},"44":{"start":{"line":45,"column":0},"end":{"line":45,"column":67}},"45":{"start":{"line":46,"column":0},"end":{"line":46,"column":0}},"46":{"start":{"line":47,"column":0},"end":{"line":47,"column":80}},"47":{"start":{"line":48,"column":0},"end":{"line":48,"column":67}},"48":{"start":{"line":49,"column":0},"end":{"line":49,"column":0}},"49":{"start":{"line":50,"column":0},"end":{"line":50,"column":81}},"50":{"start":{"line":51,"column":0},"end":{"line":51,"column":0}},"51":{"start":{"line":52,"column":0},"end":{"line":52,"column":80}},"52":{"start":{"line":53,"column":0},"end":{"line":53,"column":57}},"53":{"start":{"line":54,"column":0},"end":{"line":54,"column":77}},"54":{"start":{"line":55,"column":0},"end":{"line":55,"column":1}},"55":{"start":{"line":56,"column":0},"end":{"line":56,"column":0}},"56":{"start":{"line":57,"column":0},"end":{"line":57,"column":73}},"57":{"start":{"line":58,"column":0},"end":{"line":58,"column":62}},"58":{"start":{"line":59,"column":0},"end":{"line":59,"column":62}},"59":{"start":{"line":60,"column":0},"end":{"line":60,"column":1}},"60":{"start":{"line":61,"column":0},"end":{"line":61,"column":0}},"61":{"start":{"line":62,"column":0},"end":{"line":62,"column":66}},"62":{"start":{"line":63,"column":0},"end":{"line":63,"column":65}},"63":{"start":{"line":64,"column":0},"end":{"line":64,"column":60}},"64":{"start":{"line":65,"column":0},"end":{"line":65,"column":1}},"65":{"start":{"line":66,"column":0},"end":{"line":66,"column":0}},"66":{"start":{"line":67,"column":0},"end":{"line":67,"column":3}},"67":{"start":{"line":68,"column":0},"end":{"line":68,"column":78}},"68":{"start":{"line":69,"column":0},"end":{"line":69,"column":74}},"69":{"start":{"line":70,"column":0},"end":{"line":70,"column":68}},"70":{"start":{"line":71,"column":0},"end":{"line":71,"column":78}},"71":{"start":{"line":72,"column":0},"end":{"line":72,"column":15}},"72":{"start":{"line":73,"column":0},"end":{"line":73,"column":3}},"73":{"start":{"line":74,"column":0},"end":{"line":74,"column":37}},"74":{"start":{"line":75,"column":0},"end":{"line":75,"column":22}},"75":{"start":{"line":76,"column":0},"end":{"line":76,"column":24}},"76":{"start":{"line":77,"column":0},"end":{"line":77,"column":31}},"77":{"start":{"line":78,"column":0},"end":{"line":78,"column":11}},"78":{"start":{"line":79,"column":0},"end":{"line":79,"column":37}},"79":{"start":{"line":80,"column":0},"end":{"line":80,"column":37}},"80":{"start":{"line":81,"column":0},"end":{"line":81,"column":46}},"81":{"start":{"line":82,"column":0},"end":{"line":82,"column":0}},"82":{"start":{"line":83,"column":0},"end":{"line":83,"column":26}},"83":{"start":{"line":84,"column":0},"end":{"line":84,"column":63}},"84":{"start":{"line":85,"column":0},"end":{"line":85,"column":56}},"85":{"start":{"line":86,"column":0},"end":{"line":86,"column":55}},"86":{"start":{"line":87,"column":0},"end":{"line":87,"column":64}},"87":{"start":{"line":88,"column":0},"end":{"line":88,"column":26}},"88":{"start":{"line":89,"column":0},"end":{"line":89,"column":5}},"89":{"start":{"line":90,"column":0},"end":{"line":90,"column":0}},"90":{"start":{"line":91,"column":0},"end":{"line":91,"column":66}},"91":{"start":{"line":92,"column":0},"end":{"line":92,"column":30}},"92":{"start":{"line":93,"column":0},"end":{"line":93,"column":1}},"93":{"start":{"line":94,"column":0},"end":{"line":94,"column":0}},"94":{"start":{"line":95,"column":0},"end":{"line":95,"column":3}},"95":{"start":{"line":96,"column":0},"end":{"line":96,"column":74}},"96":{"start":{"line":97,"column":0},"end":{"line":97,"column":72}},"97":{"start":{"line":98,"column":0},"end":{"line":98,"column":77}},"98":{"start":{"line":99,"column":0},"end":{"line":99,"column":78}},"99":{"start":{"line":100,"column":0},"end":{"line":100,"column":3}},"100":{"start":{"line":101,"column":0},"end":{"line":101,"column":95}},"101":{"start":{"line":102,"column":0},"end":{"line":102,"column":37}},"102":{"start":{"line":103,"column":0},"end":{"line":103,"column":37}},"103":{"start":{"line":104,"column":0},"end":{"line":104,"column":0}},"104":{"start":{"line":105,"column":0},"end":{"line":105,"column":49}},"105":{"start":{"line":106,"column":0},"end":{"line":106,"column":49}},"106":{"start":{"line":107,"column":0},"end":{"line":107,"column":0}},"107":{"start":{"line":108,"column":0},"end":{"line":108,"column":62}},"108":{"start":{"line":109,"column":0},"end":{"line":109,"column":0}},"109":{"start":{"line":110,"column":0},"end":{"line":110,"column":42}},"110":{"start":{"line":111,"column":0},"end":{"line":111,"column":49}},"111":{"start":{"line":112,"column":0},"end":{"line":112,"column":44}},"112":{"start":{"line":113,"column":0},"end":{"line":113,"column":0}},"113":{"start":{"line":114,"column":0},"end":{"line":114,"column":43}},"114":{"start":{"line":115,"column":0},"end":{"line":115,"column":0}},"115":{"start":{"line":116,"column":0},"end":{"line":116,"column":84}},"116":{"start":{"line":117,"column":0},"end":{"line":117,"column":0}},"117":{"start":{"line":118,"column":0},"end":{"line":118,"column":51}},"118":{"start":{"line":119,"column":0},"end":{"line":119,"column":56}},"119":{"start":{"line":120,"column":0},"end":{"line":120,"column":0}},"120":{"start":{"line":121,"column":0},"end":{"line":121,"column":22}},"121":{"start":{"line":122,"column":0},"end":{"line":122,"column":1}},"122":{"start":{"line":123,"column":0},"end":{"line":123,"column":0}},"123":{"start":{"line":124,"column":0},"end":{"line":124,"column":3}},"124":{"start":{"line":125,"column":0},"end":{"line":125,"column":61}},"125":{"start":{"line":126,"column":0},"end":{"line":126,"column":77}},"126":{"start":{"line":127,"column":0},"end":{"line":127,"column":22}},"127":{"start":{"line":128,"column":0},"end":{"line":128,"column":54}},"128":{"start":{"line":129,"column":0},"end":{"line":129,"column":3}},"129":{"start":{"line":130,"column":0},"end":{"line":130,"column":38}},"130":{"start":{"line":131,"column":0},"end":{"line":131,"column":22}},"131":{"start":{"line":132,"column":0},"end":{"line":132,"column":24}},"132":{"start":{"line":133,"column":0},"end":{"line":133,"column":31}},"133":{"start":{"line":134,"column":0},"end":{"line":134,"column":11}},"134":{"start":{"line":135,"column":0},"end":{"line":135,"column":52}},"135":{"start":{"line":136,"column":0},"end":{"line":136,"column":66}},"136":{"start":{"line":137,"column":0},"end":{"line":137,"column":75}},"137":{"start":{"line":138,"column":0},"end":{"line":138,"column":22}},"138":{"start":{"line":139,"column":0},"end":{"line":139,"column":1}},"139":{"start":{"line":140,"column":0},"end":{"line":140,"column":0}},"140":{"start":{"line":141,"column":0},"end":{"line":141,"column":3}},"141":{"start":{"line":142,"column":0},"end":{"line":142,"column":73}},"142":{"start":{"line":143,"column":0},"end":{"line":143,"column":60}},"143":{"start":{"line":144,"column":0},"end":{"line":144,"column":3}},"144":{"start":{"line":145,"column":0},"end":{"line":145,"column":79}},"145":{"start":{"line":146,"column":0},"end":{"line":146,"column":61}},"146":{"start":{"line":147,"column":0},"end":{"line":147,"column":55}},"147":{"start":{"line":148,"column":0},"end":{"line":148,"column":1}}},"s":{"0":1,"1":1,"2":1,"3":1,"4":1,"5":1,"6":1,"7":1,"8":1,"9":1,"10":1,"11":1,"12":1,"13":1,"14":1,"15":1,"16":1,"17":1,"18":1,"19":1,"20":1,"21":1,"22":1,"23":1,"24":1,"25":1,"26":1,"27":1,"28":1,"29":1,"30":1,"31":1,"32":1,"33":1,"34":1,"35":1,"36":1,"37":1,"38":1,"39":1,"40":1,"41":1,"42":1,"43":1,"44":1,"45":1,"46":1,"47":1,"48":1,"49":1,"50":1,"51":1,"52":23,"53":23,"54":23,"55":1,"56":1,"57":0,"58":0,"59":0,"60":1,"61":1,"62":0,"63":0,"64":0,"65":1,"66":1,"67":1,"68":1,"69":1,"70":1,"71":1,"72":1,"73":0,"74":0,"75":0,"76":0,"77":0,"78":0,"79":0,"80":0,"81":0,"82":0,"83":0,"84":0,"85":0,"86":0,"87":0,"88":0,"89":0,"90":0,"91":0,"92":0,"93":1,"94":1,"95":1,"96":1,"97":1,"98":1,"99":1,"100":0,"101":0,"102":0,"103":0,"104":0,"105":0,"106":0,"107":0,"108":0,"109":0,"110":0,"111":0,"112":0,"113":0,"114":0,"115":0,"116":0,"117":0,"118":0,"119":0,"120":0,"121":0,"122":1,"123":1,"124":1,"125":1,"126":1,"127":1,"128":1,"129":0,"130":0,"131":0,"132":0,"133":0,"134":0,"135":0,"136":0,"137":0,"138":0,"139":1,"140":1,"141":1,"142":1,"143":1,"144":0,"145":0,"146":0,"147":0},"branchMap":{"0":{"type":"branch","line":53,"loc":{"start":{"line":53,"column":0},"end":{"line":55,"column":1}},"locations":[{"start":{"line":53,"column":0},"end":{"line":55,"column":1}}]}},"b":{"0":[23]},"fnMap":{"0":{"name":"balKey","decl":{"start":{"line":45,"column":15},"end":{"line":45,"column":66}},"loc":{"start":{"line":45,"column":15},"end":{"line":45,"column":66}},"line":45},"1":{"name":"refKey","decl":{"start":{"line":48,"column":15},"end":{"line":48,"column":66}},"loc":{"start":{"line":48,"column":15},"end":{"line":48,"column":66}},"line":48},"2":{"name":"isMarketingCR","decl":{"start":{"line":53,"column":0},"end":{"line":55,"column":1}},"loc":{"start":{"line":53,"column":0},"end":{"line":55,"column":1}},"line":53},"3":{"name":"getDefaultBalance","decl":{"start":{"line":58,"column":0},"end":{"line":60,"column":1}},"loc":{"start":{"line":58,"column":0},"end":{"line":60,"column":1}},"line":58},"4":{"name":"getMarketingCurrency","decl":{"start":{"line":63,"column":0},"end":{"line":65,"column":1}},"loc":{"start":{"line":63,"column":0},"end":{"line":65,"column":1}},"line":63},"5":{"name":"initMarketingBalance","decl":{"start":{"line":74,"column":0},"end":{"line":93,"column":1}},"loc":{"start":{"line":74,"column":0},"end":{"line":93,"column":1}},"line":74},"6":{"name":"applyDerivUpdate","decl":{"start":{"line":101,"column":0},"end":{"line":122,"column":1}},"loc":{"start":{"line":101,"column":0},"end":{"line":122,"column":1}},"line":101},"7":{"name":"resetMarketingBalance","decl":{"start":{"line":130,"column":0},"end":{"line":139,"column":1}},"loc":{"start":{"line":130,"column":0},"end":{"line":139,"column":1}},"line":130},"8":{"name":"getStoredMarketingBalance","decl":{"start":{"line":145,"column":0},"end":{"line":148,"column":1}},"loc":{"start":{"line":145,"column":0},"end":{"line":148,"column":1}},"line":145}},"f":{"0":0,"1":0,"2":23,"3":0,"4":0,"5":0,"6":0,"7":0,"8":0}}
}
