TN:
SF:src/components/digit-matcher/index.tsx
FN:25,getDecimalPlaces
FN:33,formatQuote
FN:46,getLastDigit
FN:54,DigitMatcher
FN:102,handler
FN:257,check
FN:439,onChange
FN:503,onClick
FNF:8
FNH:1
FNDA:0,getDecimalPlaces
FNDA:0,formatQuote
FNDA:0,getLastDigit
FNDA:3,DigitMatcher
FNDA:0,handler
FNDA:0,check
FNDA:0,onChange
FNDA:0,onClick
DA:1,1
DA:2,1
DA:3,1
DA:4,1
DA:5,1
DA:6,1
DA:7,1
DA:8,1
DA:9,1
DA:10,1
DA:11,1
DA:12,1
DA:13,1
DA:14,1
DA:15,1
DA:16,1
DA:17,1
DA:18,1
DA:19,1
DA:20,1
DA:21,1
DA:22,1
DA:23,1
DA:24,1
DA:25,0
DA:26,0
DA:27,0
DA:28,0
DA:29,0
DA:30,0
DA:31,0
DA:32,1
DA:33,0
DA:34,0
DA:35,0
DA:36,0
DA:37,0
DA:38,0
DA:39,0
DA:40,0
DA:41,0
DA:42,0
DA:43,0
DA:44,0
DA:45,1
DA:46,0
DA:47,0
DA:48,0
DA:49,0
DA:50,0
DA:51,0
DA:52,1
DA:53,1
DA:54,1
DA:55,3
DA:56,3
DA:57,3
DA:58,3
DA:59,3
DA:60,3
DA:61,3
DA:62,3
DA:63,3
DA:64,3
DA:65,3
DA:66,3
DA:67,3
DA:68,3
DA:69,3
DA:70,3
DA:71,3
DA:72,3
DA:73,3
DA:74,3
DA:75,3
DA:76,3
DA:77,3
DA:78,3
DA:79,3
DA:80,3
DA:81,3
DA:82,3
DA:83,3
DA:84,3
DA:85,0
DA:86,3
DA:87,3
DA:88,3
DA:89,2
DA:90,3
DA:91,3
DA:92,3
DA:93,2
DA:94,3
DA:95,3
DA:96,3
DA:97,2
DA:98,3
DA:99,3
DA:100,3
DA:101,2
DA:102,0
DA:103,0
DA:104,0
DA:105,0
DA:106,0
DA:107,0
DA:108,0
DA:109,0
DA:110,3
DA:111,3
DA:112,3
DA:113,0
DA:114,0
DA:115,0
DA:116,0
DA:117,0
DA:118,0
DA:119,0
DA:120,3
DA:121,3
DA:122,3
DA:123,4
DA:124,0
DA:125,0
DA:126,0
DA:127,0
DA:128,0
DA:129,0
DA:130,4
DA:131,4
DA:132,4
DA:133,4
DA:134,0
DA:135,0
DA:136,0
DA:137,3
DA:138,3
DA:139,3
DA:140,2
DA:141,2
DA:142,2
DA:143,2
DA:144,2
DA:145,2
DA:146,2
DA:147,0
DA:148,0
DA:149,0
DA:150,0
DA:151,0
DA:152,0
DA:153,0
DA:154,0
DA:155,0
DA:156,0
DA:157,0
DA:158,0
DA:159,0
DA:160,0
DA:161,0
DA:162,0
DA:163,0
DA:164,0
DA:165,0
DA:166,0
DA:167,0
DA:168,0
DA:169,0
DA:170,0
DA:171,0
DA:172,0
DA:173,0
DA:174,0
DA:175,0
DA:176,0
DA:177,0
DA:178,0
DA:179,0
DA:180,0
DA:181,0
DA:182,0
DA:183,0
DA:184,0
DA:185,0
DA:186,0
DA:187,0
DA:188,0
DA:189,0
DA:190,0
DA:191,0
DA:192,0
DA:193,0
DA:194,0
DA:195,0
DA:196,0
DA:197,0
DA:198,0
DA:199,0
DA:200,0
DA:201,0
DA:202,0
DA:203,0
DA:204,0
DA:205,0
DA:206,0
DA:207,0
DA:208,0
DA:209,0
DA:210,0
DA:211,0
DA:212,0
DA:213,0
DA:214,0
DA:215,0
DA:216,0
DA:217,0
DA:218,0
DA:219,0
DA:220,0
DA:221,0
DA:222,0
DA:223,0
DA:224,0
DA:225,0
DA:226,0
DA:227,0
DA:228,0
DA:229,0
DA:230,0
DA:231,0
DA:232,2
DA:233,2
DA:234,2
DA:235,2
DA:236,0
DA:237,2
DA:238,0
DA:239,0
DA:240,2
DA:241,0
DA:242,0
DA:243,3
DA:244,3
DA:245,3
DA:246,2
DA:247,0
DA:248,0
DA:249,0
DA:250,2
DA:251,2
DA:252,2
DA:253,2
DA:254,3
DA:255,3
DA:256,3
DA:257,2
DA:258,0
DA:259,0
DA:260,0
DA:261,0
DA:262,2
DA:263,2
DA:264,2
DA:265,3
DA:266,3
DA:267,3
DA:268,2
DA:269,2
DA:270,2
DA:271,2
DA:272,2
DA:273,2
DA:274,2
DA:275,2
DA:276,2
DA:277,0
DA:278,0
DA:279,2
DA:280,3
DA:281,3
DA:282,3
DA:283,0
DA:284,0
DA:285,0
DA:286,0
DA:287,0
DA:288,0
DA:289,3
DA:290,3
DA:291,3
DA:292,1
DA:293,0
DA:294,0
DA:295,0
DA:296,0
DA:297,0
DA:298,0
DA:299,0
DA:300,0
DA:301,0
DA:302,0
DA:303,0
DA:304,0
DA:305,0
DA:306,0
DA:307,1
DA:308,1
DA:309,0
DA:310,0
DA:311,0
DA:312,1
DA:313,1
DA:314,1
DA:315,1
DA:316,1
DA:317,0
DA:318,0
DA:319,0
DA:320,0
DA:321,0
DA:322,0
DA:323,0
DA:324,0
DA:325,0
DA:326,0
DA:327,1
DA:328,1
DA:329,1
DA:330,0
DA:331,0
DA:332,0
DA:333,0
DA:334,0
DA:335,0
DA:336,0
DA:337,0
DA:338,0
DA:339,0
DA:340,0
DA:341,0
DA:342,0
DA:343,0
DA:344,0
DA:345,0
DA:346,0
DA:347,0
DA:348,0
DA:349,0
DA:350,0
DA:351,0
DA:352,0
DA:353,0
DA:354,0
DA:355,0
DA:356,0
DA:357,0
DA:358,0
DA:359,0
DA:360,0
DA:361,0
DA:362,0
DA:363,3
DA:364,3
DA:365,3
DA:366,3
DA:367,3
DA:368,3
DA:369,3
DA:370,3
DA:371,3
DA:372,3
DA:373,3
DA:374,3
DA:375,2
DA:376,2
DA:377,2
DA:378,2
DA:379,3
DA:380,3
DA:381,3
DA:382,3
DA:383,3
DA:384,3
DA:385,2
DA:386,2
DA:387,2
DA:388,2
DA:389,2
DA:390,2
DA:391,2
DA:392,2
DA:393,20
DA:394,20
DA:395,18
DA:396,16
DA:397,16
DA:398,20
DA:399,20
DA:400,2
DA:401,3
DA:402,3
DA:403,3
DA:404,3
DA:405,3
DA:406,3
DA:407,3
DA:408,3
DA:409,3
DA:410,3
DA:411,3
DA:412,3
DA:413,3
DA:414,3
DA:415,3
DA:416,3
DA:417,3
DA:418,3
DA:419,3
DA:420,3
DA:421,3
DA:422,3
DA:423,3
DA:424,3
DA:425,3
DA:426,3
DA:427,3
DA:428,3
DA:429,3
DA:430,3
DA:431,3
DA:432,3
DA:433,3
DA:434,3
DA:435,3
DA:436,3
DA:437,3
DA:438,3
DA:439,3
DA:440,3
DA:441,3
DA:442,3
DA:443,3
DA:444,3
DA:445,3
DA:446,3
DA:447,3
DA:448,3
DA:449,3
DA:450,3
DA:451,3
DA:452,3
DA:453,3
DA:454,3
DA:455,3
DA:456,3
DA:457,3
DA:458,3
DA:459,3
DA:460,3
DA:461,3
DA:462,3
DA:463,3
DA:464,3
DA:465,3
DA:466,3
DA:467,3
DA:468,3
DA:469,3
DA:470,3
DA:471,3
DA:472,3
DA:473,3
DA:474,3
DA:475,3
DA:476,3
DA:477,3
DA:478,3
DA:479,3
DA:480,3
DA:481,3
DA:482,0
DA:483,0
DA:484,0
DA:485,0
DA:486,0
DA:487,0
DA:488,0
DA:489,3
DA:490,3
DA:491,3
DA:492,3
DA:493,3
DA:494,30
DA:495,30
DA:496,30
DA:497,30
DA:498,30
DA:499,30
DA:500,30
DA:501,30
DA:502,30
DA:503,30
DA:504,30
DA:505,30
DA:506,30
DA:507,30
DA:508,30
DA:509,30
DA:510,3
DA:511,3
DA:512,3
DA:513,3
DA:514,3
DA:515,3
DA:516,3
DA:517,3
DA:518,3
DA:519,3
DA:520,3
DA:521,3
DA:522,3
DA:523,3
DA:524,3
DA:525,3
DA:526,0
DA:527,0
DA:528,0
DA:529,0
DA:530,0
DA:531,0
DA:532,0
DA:533,0
DA:534,0
DA:535,0
DA:536,0
DA:537,0
DA:538,0
DA:539,0
DA:540,0
DA:541,0
DA:542,0
DA:543,0
DA:544,0
DA:545,0
DA:546,0
DA:547,0
DA:548,0
DA:549,0
DA:550,0
DA:551,0
DA:552,3
DA:553,3
DA:554,3
DA:555,3
DA:556,3
DA:557,3
DA:558,3
DA:559,3
DA:560,3
DA:561,3
DA:562,3
DA:563,3
DA:564,3
DA:565,3
DA:566,3
DA:567,3
DA:568,3
DA:569,3
DA:570,3
DA:571,3
DA:572,3
DA:573,3
DA:574,3
DA:575,3
DA:576,1
DA:577,1
LF:577
LH:329
BRDA:8,0,0,10
BRDA:54,1,0,3
BRDA:82,2,0,0
BRDA:420,3,0,0
BRDA:426,4,0,0
BRDA:429,5,0,0
BRDA:445,6,0,0
BRDA:453,7,0,0
BRDA:525,8,0,0
BRDA:569,9,0,0
BRDA:82,10,0,3
BRDA:88,11,0,2
BRDA:92,12,0,2
BRDA:96,13,0,2
BRDA:100,14,0,2
BRDA:102,15,0,0
BRDA:122,16,0,4
BRDA:123,17,0,0
BRDA:123,18,0,0
BRDA:133,19,0,0
BRDA:139,20,0,2
BRDA:141,21,0,0
BRDA:146,22,0,0
BRDA:235,23,0,0
BRDA:235,24,0,0
BRDA:237,25,0,0
BRDA:237,26,0,0
BRDA:240,27,0,0
BRDA:245,28,0,2
BRDA:246,29,0,0
BRDA:253,30,0,2
BRDA:256,31,0,2
BRDA:264,32,0,2
BRDA:267,33,0,2
BRDA:268,34,0,2
BRDA:271,35,0,0
BRDA:276,36,0,0
BRDA:291,37,0,1
BRDA:292,38,0,0
BRDA:308,39,0,0
BRDA:317,40,0,0
BRDA:328,41,0,0
BRDA:329,42,0,0
BRDA:366,43,0,2
BRDA:370,44,0,2
BRDA:374,45,0,2
BRDA:375,46,0,20
BRDA:381,47,0,2
BRDA:381,48,0,0
BRDA:384,49,0,2
BRDA:388,50,0,0
BRDA:389,51,0,0
BRDA:389,52,0,0
BRDA:390,53,0,0
BRDA:391,54,0,0
BRDA:391,55,0,0
BRDA:385,56,0,20
BRDA:386,57,0,18
BRDA:387,58,0,18
BRDA:392,59,0,20
BRDA:394,60,0,2
BRDA:394,61,0,18
BRDA:395,62,0,2
BRDA:395,63,0,16
BRDA:396,64,0,0
BRDA:397,65,0,0
BRDA:493,66,0,30
BRDA:497,67,0,0
BRDA:502,68,0,0
BRDA:502,69,0,0
BRDA:505,70,0,0
BRF:71
BRH:31
end_of_record
TN:
SF:src/constants/contract-stage.ts
FNF:0
FNH:0
DA:1,1
DA:2,1
DA:3,1
DA:4,1
DA:5,1
DA:6,1
DA:7,1
DA:8,1
DA:9,1
DA:10,1
DA:11,1
LF:11
LH:11
BRF:0
BRH:0
end_of_record
